[output] Output to be read-from/written-into folder 'chains', with prefix 'analytic_test_minimize'
[clkg_likelihood] Initialised external likelihood.
[camb] Importing *local* CAMB from /global/cfs/cdirs/m3058/krolewski/cosmo_modules/code/CAMB
[likelihood] The theory code will compute the following products, requested by the likelihoods: ['sigma8', 'Pk_interpolator']
[minimize] Initializing
chisq 2.111534442254061e-09 0.3 1.0 0.0 0.4 0.0 1e-07 0.0 1.0 2171.2907975446105 1194.8885185485854 999.9999999347004
[minimize] Starting from random initial point:
[minimize] {'logA': 3.05, 'Omegam': 0.3, 'b1': 1.0}
[prior] *WARNING* Reference pdf not defined or improper for some parameters. Using prior's sigma instead for them.
[minimize] Starting minimization.
chisq 2.1119916523637108e-09 0.3 1.0 0.0 0.4 0.0 1e-07 0.0 1.0 2171.289691999885 1194.8874029165797 999.999999934697
chisq 2.111534442254061e-09 0.30005773502691896 1.0 0.0 0.4 0.0 1e-07 0.0 1.0 2171.289797777782 1194.8875066675082 999.9999999346968
chisq 2.111534442254061e-09 0.3 1.000721687836487 0.0 0.4 0.0 1e-07 0.0 1.0 2171.2871483808926 1194.884836117362 999.9999999346776
chisq 2.1118392379949294e-09 0.30003849001794597 1.0004811252243246 0.0 0.4 0.0 1e-07 0.0 1.0 2171.286960484398 1194.8846445012712 999.9999999346803
chisq 2.1119916523637108e-09 0.30005773502691896 1.000721687836487 0.0 0.4 0.0 1e-07 0.0 1.0 2171.285041332794 1194.8827068490305 999.9999999346704
chisq 2.1121440777324486e-09 0.299980754991027 1.0009622504486493 0.0 0.4 0.0 1e-07 0.0 1.0 2171.284790093717 1194.882457320718 999.9999999346664
chisq 2.112448961472969e-09 0.299942264973081 1.0014433756729741 0.0 0.4 0.0 1e-07 0.0 1.0 2171.2822863024003 1194.8799327021788 999.9999999346514
chisq 2.1119916523637108e-09 0.3 1.0019245008972988 0.0 0.4 0.0 1e-07 0.0 1.0 2171.279958797219 1194.8775809811482 999.9999999346359
chisq 2.1119916523637108e-09 0.3 1.002886751345948 0.0 0.4 0.0 1e-07 0.0 1.0 2171.275092220757 1194.8726700383004 999.9999999346053
chisq 2.1127538892228435e-09 0.3 1.0026461887337859 0.0 0.4 0.0 1e-07 0.0 1.0 2171.274460889598 1194.8720329371538 999.9999999346071
chisq 2.1133638767760637e-09 0.3 1.0036084391824351 0.0 0.4 0.0 1e-07 0.0 1.0 2171.268112279324 1194.8656264376377 999.9999999345719
chisq 2.1132113633790893e-09 0.29990377495513504 1.0045706896310846 0.0 0.4 0.0 1e-07 0.0 1.0 2171.265288258386 1194.862781701352 999.9999999345487
chisq 2.1138214830127874e-09 0.2998267949192431 1.0064951905283832 0.0 0.4 0.0 1e-07 0.0 1.0 2171.2554092483833 1194.8528166316923 999.9999999344875
chisq 2.113668936592119e-09 0.299942264973081 1.0072168783648703 0.0 0.4 0.0 1e-07 0.0 1.0 2171.2501158702053 1194.8474689800616 999.9999999344583
chisq 2.1142791883348926e-09 0.299942264973081 1.0101036297108184 0.0 0.4 0.0 1e-07 0.0 1.0 2171.2340174999345 1194.8312238422877 999.9999999343611
chisq 2.115652899028075e-09 0.29984603992821607 1.0105847549351432 0.0 0.4 0.0 1e-07 0.0 1.0 2171.229910983683 1194.8270849013118 999.9999999343411
chisq 2.117485901783137e-09 0.29976905989232416 1.0144337567297406 0.0 0.4 0.0 1e-07 0.0 1.0 2171.2072834947016 1194.8042551894885 999.9999999342083
chisq 2.1170275022623556e-09 0.2996920798564322 1.0170799454635264 0.0 0.4 0.0 1e-07 0.0 1.0 2171.1963626524166 1194.7932388977893 999.9999999341314
chisq 2.1188616959743634e-09 0.2995381197846483 1.023815698604072 0.0 0.4 0.0 1e-07 0.0 1.0 2171.1604573048207 1194.7570144989909 999.999999933909
chisq 2.1199323760947074e-09 0.2996728348474592 1.0257401995013709 0.0 0.4 0.0 1e-07 0.0 1.0 2171.145653987697 1194.7420690436968 999.9999999338287
chisq 2.122994444240439e-09 0.29959585481156725 1.0353627039878646 0.0 0.4 0.0 1e-07 0.0 1.0 2171.0905949210446 1194.6865122624035 999.9999999334939
chisq 2.1252938975324944e-09 0.29932642468594545 1.0389711431702997 0.0 0.4 0.0 1e-07 0.0 1.0 2171.071387263488 1194.6671441442259 999.9999999333747
chisq 2.1308227521326333e-09 0.2990185045423776 1.0534048999000405 0.0 0.4 0.0 1e-07 0.0 1.0 2170.9897293192494 1194.5847591181034 999.9999999328695
chisq 2.1309765365679767e-09 0.2989992595334046 1.0606217782649108 0.0 0.4 0.0 1e-07 0.0 1.0 2170.952997213249 1194.5476935076674 999.9999999326267
chisq 2.1377540509459307e-09 0.29861435935394487 1.0837157890324958 0.0 0.4 0.0 1e-07 0.0 1.0 2170.825199943322 1194.4187540226087 999.9999999318065
chisq 2.1422328302962472e-09 0.29861435935394487 1.0911732300095285 0.0 0.4 0.0 1e-07 0.0 1.0 2170.7754548975213 1194.3685559297594 999.9999999315072
chisq 2.1540148897031168e-09 0.29815247913859316 1.1248519957122567 0.0 0.4 0.0 1e-07 0.0 1.0 2170.580860542565 1194.1722169422737 999.9999999302389
chisq 2.158839316043131e-09 0.29759437387837656 1.1392857524419973 0.0 0.4 0.0 1e-07 0.0 1.0 2170.504983765852 1194.0956833850666 999.9999999297141
chisq 2.176988070588515e-09 0.2965936334117812 1.1912472766690636 0.0 0.4 0.0 1e-07 0.0 1.0 2170.2082110647775 1193.7962746421988 999.9999999276697
chisq 2.1818639508063586e-09 0.2965551433938352 1.2131384743758369 0.0 0.4 0.0 1e-07 0.0 1.0 2170.0821903628735 1193.6691109755768 999.999999926771
chisq 2.2078412215534913e-09 0.295323462819564 1.293005261613735 0.0 0.4 0.0 1e-07 0.0 1.0 2169.61886476598 1193.2016604458718 999.9999999233487
chisq 2.222067873866774e-09 0.2947653575593474 1.322353900297541 0.0 0.4 0.0 1e-07 0.0 1.0 2169.4351038309837 1193.0162716681928 999.9999999219799
chisq 2.2654637204339015e-09 0.2928408566620486 1.4416729559300638 0.0 0.4 0.0 1e-07 0.0 1.0 2168.7157276397184 1192.2905221074827 999.9999999161946
chisq 2.2807199665959752e-09 0.2916861561236694 1.4924316670963185 0.0 0.4 0.0 1e-07 0.0 1.0 2168.4263045573043 1191.9985756505762 999.9999999136602
chisq 2.346840619230795e-09 0.2884529946162075 1.6762215027883494 0.0 0.4 0.0 1e-07 0.0 1.0 2167.298329045124 1190.8607096744647 999.999999903299
chisq 2.3725551401425917e-09 0.2878179093200989 1.749352536885702 0.0 0.4 0.0 1e-07 0.0 1.0 2166.822131357621 1190.3802823442047 999.9999998986559
chisq 2.476831414047964e-09 0.28343004727425775 2.0284051669940215 0.0 0.4 0.0 1e-07 0.0 1.0 2165.0021411909693 1188.544432056132 999.9999998790463
chisq 2.52574944356807e-09 0.2811591362154452 2.137861155527888 0.0 0.4 0.0 1e-07 0.0 1.0 2164.2568332740493 1187.7927471189223 999.9999998703418
chisq 2.7014782802451716e-09 0.2740769729133858 2.560289102484964 0.0 0.4 0.0 1e-07 0.0 1.0 2161.2773005040704 1184.7877680437307 999.9999998313046
chisq 2.7679860955870726e-09 0.2711324865405187 2.734937558914826 0.0 0.4 0.0 1e-07 0.0 1.0 2160.044652371959 1183.5447473649751 999.9999998129999
chisq 3.0596186566136587e-09 0.2602783014797537 3.381569860407207 0.0 0.4 0.0 1e-07 0.0 1.0 2155.0419867241667 1178.500662692942 999.9999997298551
chisq 3.1887946706617193e-09 0.256737219828724 3.6372879171357795 0.0 0.4 0.0 1e-07 0.0 1.0 2152.8264464635727 1176.2668450713863 999.9999996890755
chisq 3.7170468507091046e-09 0.24087933243498227 4.617821124309495 0.0 0.4 0.0 1e-07 0.0 1.0 2143.9696593277768 1167.3401328448167 999.999999499216
chisq 3.960482481092573e-09 0.23339302394449013 5.0113815578070895 0.0 0.4 0.0 1e-07 0.0 1.0 2140.2489222491386 1163.5919414447123 999.9999994083907
chisq 5.008110713741778e-09 0.20837451227960635 6.502869753213624 0.0 0.4 0.0 1e-07 0.0 1.0 2124.6451644713134 1147.8795734317102 999.9999989722005
chisq 3.223967211047217e-09 0.25529384415574996 3.6971880075642027 0.0 0.4 0.0 1e-07 0.0 1.0 2152.3256546964826 1175.7621710461992 999.9999996794216
chisq 5.010038707473015e-09 0.20942015776713868 6.497016062984341 0.0 0.4 0.0 1e-07 0.0 1.0 2124.372387458409 1147.6034302806625 999.9999989659382
chisq 3.823673616121094e-09 0.2374259224914962 4.784878493866678 0.0 0.4 0.0 1e-07 0.0 1.0 2142.402772820768 1165.7617222475321 999.99999946187
chisq 4.125073144093095e-09 0.229643098307198 5.2730379471655215 0.0 0.4 0.0 1e-07 0.0 1.0 2137.5368586491672 1160.8593970849051 999.9999993393702
chisq 4.2370623013377655e-09 0.22661925597140525 5.437926540827254 0.0 0.4 0.0 1e-07 0.0 1.0 2135.8717449499704 1159.1824110057948 999.9999992953449
chisq 5.440284117197741e-09 0.1999661857049022 7.0188369575179586 0.0 0.4 0.0 1e-07 0.0 1.0 2118.7551312360997 1141.9521716366737 999.9999987889789
chisq 4.670770431289601e-09 0.21626977061097716 6.055417066032947 0.0 0.4 0.0 1e-07 0.0 1.0 2129.3677134655445 1152.6328212724536 999.9999991137875
chisq 4.903998835405333e-09 0.21109502793076312 6.3641623286357945 0.0 0.4 0.0 1e-07 0.0 1.0 2126.0131474157915 1149.25580010633 999.9999990146588
chisq 5.405974971918147e-09 0.200745542570335 6.981652853841489 0.0 0.4 0.0 1e-07 0.0 1.0 2119.1470802382746 1142.3462372913639 999.9999988014644
chisq 5.143117063067158e-09 0.2058759038135325 6.66768585566411 0.0 0.4 0.0 1e-07 0.0 1.0 2122.715331860975 1145.9369082542464 999.9999989135372
chisq 5.1666321750090335e-09 0.20580801756503095 6.693203975996097 0.0 0.4 0.0 1e-07 0.0 1.0 2122.2941574608794 1145.5124033596214 999.9999989012684
chisq 5.238782853586525e-09 0.2040245762134776 6.782791892391312 0.0 0.4 0.0 1e-07 0.0 1.0 2121.3953934990413 1144.6085052930853 999.9999988726067
chisq 5.262895825779287e-09 0.20369339286396793 6.810482271956509 0.0 0.4 0.0 1e-07 0.0 1.0 2121.032083967616 1144.2426697336393 999.9999988615082
chisq 5.303573553242839e-09 0.202746474963273 6.859891293414981 0.0 0.4 0.0 1e-07 0.0 1.0 2120.5218316864925 1143.7294781508083 999.9999988451802
chisq 5.3225909130627024e-09 0.20242306363840235 6.881971320107326 0.0 0.4 0.0 1e-07 0.0 1.0 2120.2541706228094 1143.4600689785957 999.9999988368317
chisq 5.346309313680434e-09 0.20189570280057645 6.910355835285286 0.0 0.4 0.0 1e-07 0.0 1.0 2119.9553421817304 1143.1595079045853 999.9999988272591
chisq 5.359856465711813e-09 0.2016461036651701 6.926126601161118 0.0 0.4 0.0 1e-07 0.0 1.0 2119.771184055614 1142.974188641959 999.9999988214521
chisq 5.458145385528284e-09 0.19967618515969515 7.040721773061756 0.0 0.4 0.0 1e-07 0.0 1.0 2118.492885189796 1141.6882126335483 999.9999987805578
chisq 5.397177465417096e-09 0.20088770407174045 6.969931897984092 0.0 0.4 0.0 1e-07 0.0 1.0 2119.2844760139287 1142.4845493290497 999.9999988059157
chisq 5.41593530310026e-09 0.20050850427502562 6.99183454639558 0.0 0.4 0.0 1e-07 0.0 1.0 2119.041479775216 1142.2400998132243 999.9999987981382
chisq 5.422010739225366e-09 0.20039791714177133 6.999391973083293 0.0 0.4 0.0 1e-07 0.0 1.0 2118.955145207519 1142.153218685119 999.9999987953528
chisq 5.428017546939182e-09 0.20026096680524091 7.005742390474959 0.0 0.4 0.0 1e-07 0.0 1.0 2118.8879829180205 1142.0856983728163 999.9999987932241
chisq 5.432063531555711e-09 0.20018284818252538 7.010579506717425 0.0 0.4 0.0 1e-07 0.0 1.0 2118.8336005184447 1142.030983423203 999.9999987914742
chisq 5.459000130397351e-09 0.19962251255950758 7.041016434389801 0.0 0.4 0.0 1e-07 0.0 1.0 2118.4997776681535 1141.6952314027121 999.9999987807798
chisq 5.442257057555327e-09 0.19996890466194683 7.022052280853632 0.0 0.4 0.0 1e-07 0.0 1.0 2118.70811912548 1141.9047799353284 999.9999987874601
chisq 5.446702648441618e-09 0.19986102658264268 7.026716893476511 0.0 0.4 0.0 1e-07 0.0 1.0 2118.6610483647696 1141.857475142473 999.9999987859582
chisq 5.448431612141624e-09 0.19984440638128098 7.029101990581495 0.0 0.4 0.0 1e-07 0.0 1.0 2118.6296806289956 1141.825878584978 999.9999987849471
chisq 5.450944806876254e-09 0.1997876973080686 7.031831813077098 0.0 0.4 0.0 1e-07 0.0 1.0 2118.600929187536 1141.7969723804356 999.9999987840276
chisq 5.452228938354706e-09 0.1997699356951857 7.033479332045524 0.0 0.4 0.0 1e-07 0.0 1.0 2118.580447346991 1141.7763503299414 999.9999987833686
chisq 5.453700367226481e-09 0.1997386208897657 7.035118829788063 0.0 0.4 0.0 1e-07 0.0 1.0 2118.5626570497384 1141.758459340824 999.9999987827988
chisq 5.4545880253527235e-09 0.1997245209490876 7.036215838896033 0.0 0.4 0.0 1e-07 0.0 1.0 2118.5494489581242 1141.745164371878 999.999998782374
chisq 5.455471985497524e-09 0.19970651355626456 7.03721842261863 0.0 0.4 0.0 1e-07 0.0 1.0 2118.5383521800313 1141.7340027982223 999.9999987820183
chisq 5.456063293280923e-09 0.19969646235378835 7.037934024459715 0.0 0.4 0.0 1e-07 0.0 1.0 2118.52989752601 1141.725493909526 999.9999987817465
chisq 5.4566039404966576e-09 0.1996857834569641 7.038554583294527 0.0 0.4 0.0 1e-07 0.0 1.0 2118.52293967331 1141.718494618854 999.9999987815233
chisq 5.459770126916015e-09 0.19962652509698953 7.042261169371008 0.0 0.4 0.0 1e-07 0.0 1.0 2118.4804949779955 1141.6757892490327 999.9999987801605
chisq 5.457787762138596e-09 0.19966376219784743 7.039943854451025 0.0 0.4 0.0 1e-07 0.0 1.0 2118.5070038687095 1141.702460696072 999.9999987810118
chisq 5.458379769268303e-09 0.1996527515682891 7.040638490029273 0.0 0.4 0.0 1e-07 0.0 1.0 2118.4990350046287 1141.6944427709457 999.9999987807557
chisq 5.4585299733425085e-09 0.1996811286571416 7.041397853918222 0.0 0.4 0.0 1e-07 0.0 1.0 2118.4818262308577 1141.677058700009 999.9999987802025
chisq 5.459250501269473e-09 0.1996698077075951 7.042282040871385 0.0 0.4 0.0 1e-07 0.0 1.0 2118.4711143791897 1141.6662762764158 999.9999987798584
chisq 5.459685919356536e-09 0.1996783357772481 7.043103816292442 0.0 0.4 0.0 1e-07 0.0 1.0 2118.457148400187 1141.6521873030542 999.9999987794093
chisq 5.458736982644608e-09 0.19966909083507745 7.041488026461156 0.0 0.4 0.0 1e-07 0.0 1.0 2118.483025388885 1141.6782834551914 999.9999987802412
chisq 5.4590328052480805e-09 0.1996655436727686 7.041871153160856 0.0 0.4 0.0 1e-07 0.0 1.0 2118.478094371199 1141.6733177345468 999.9999987800827
chisq 5.459013102238165e-09 0.19966896508640516 7.0419049500964945 0.0 0.4 0.0 1e-07 0.0 1.0 2118.476873246381 1141.672082299498 999.9999987800435
chisq 5.458717790456076e-09 0.19971537126062505 7.042325443662187 0.0 0.4 0.0 1e-07 0.0 1.0 2118.460899002672 1141.6559186370716 999.9999987795296
chisq 5.459245041450783e-09 0.1997095710767503 7.043018320206559 0.0 0.4 0.0 1e-07 0.0 1.0 2118.451850516095 1141.6468055111677 999.9999987792387
chisq 5.459351162646358e-09 0.19973158477874114 7.0435919037294115 0.0 0.4 0.0 1e-07 0.0 1.0 2118.4387268397495 1141.6335476326208 999.9999987788165
chisq 5.459490126966132e-09 0.19974789612467103 7.0441091590262 0.0 0.4 0.0 1e-07 0.0 1.0 2118.427638531069 1141.6223489636038 999.99999877846
chisq 5.459728654961321e-09 0.19978736164380398 7.045211263491051 0.0 0.4 0.0 1e-07 0.0 1.0 2118.403012666313 1141.5974736842966 999.9999987776678
chisq 5.459153166055267e-09 0.19972389933027807 7.043147219083244 0.0 0.4 0.0 1e-07 0.0 1.0 2118.4469322696577 1141.641828884529 999.9999987790804
chisq 5.459136073158226e-09 0.19981689472463404 7.04486310791003 0.0 0.4 0.0 1e-07 0.0 1.0 2118.401967332594 1141.5963807088806 999.9999987776338
chisq 5.458861170825093e-09 0.199886174198327 7.045742753718824 0.0 0.4 0.0 1e-07 0.0 1.0 2118.3743745860484 1141.568475139121 999.9999987767455
chisq 5.4594741411816385e-09 0.19987951441697002 7.0465500615429475 0.0 0.4 0.0 1e-07 0.0 1.0 2118.3637980049375 1141.5578228023371 999.9999987764054
chisq 5.459634635821749e-09 0.19995732196031601 7.048251482772798 0.0 0.4 0.0 1e-07 0.0 1.0 2118.322234014094 1141.5158229925512 999.9999987750674
chisq 5.4594651180149635e-09 0.2000223204228902 7.049211762925705 0.0 0.4 0.0 1e-07 0.0 1.0 2118.2943340217057 1141.4876133098549 999.9999987741688
chisq 5.459522096591254e-09 0.2001676882449647 7.0520216925238515 0.0 0.4 0.0 1e-07 0.0 1.0 2118.222073702184 1141.4145812618042 999.9999987718406
chisq 5.458949953640618e-09 0.20022009462526785 7.052132689185931 0.0 0.4 0.0 1e-07 0.0 1.0 2118.2094408627668 1141.401777796607 999.9999987714334
chisq 5.45856064463001e-09 0.20043646111599978 7.055593402033371 0.0 0.4 0.0 1e-07 0.0 1.0 2118.1125622068034 1141.3038355377942 999.9999987683098
chisq 5.459617064152818e-09 0.20048814001585996 7.0581682978345235 0.0 0.4 0.0 1e-07 0.0 1.0 2118.0633672630156 1141.2541776251926 999.9999987667228
chisq 5.458831888890575e-09 0.2007708709575669 7.062270778821699 0.0 0.4 0.0 1e-07 0.0 1.0 2117.942930417052 1141.1323995773007 999.9999987628347
chisq 5.4584305596874595e-09 0.20117764545619238 7.06928042684615 0.0 0.4 0.0 1e-07 0.0 1.0 2117.7529728196214 1140.9403771631537 999.9999987566952
chisq 5.4582167753749916e-09 0.20123380948040337 7.070006391952179 0.0 0.4 0.0 1e-07 0.0 1.0 2117.7303385851956 1140.9174865575135 999.999998755963
chisq 5.457564231805362e-09 0.20176687009812272 7.078998741666343 0.0 0.4 0.0 1e-07 0.0 1.0 2117.485099638393 1140.669571767235 999.9999987480252
chisq 5.45851379618946e-09 0.20185197593078363 7.0820382421979735 0.0 0.4 0.0 1e-07 0.0 1.0 2117.421665602204 1140.6055144812494 999.999998745968
chisq 5.4584903721199676e-09 0.20255973333817556 7.095260662280276 0.0 0.4 0.0 1e-07 0.0 1.0 2117.073343465522 1140.2534442254214 999.9999987346536
chisq 5.456706733394829e-09 0.20318135924580047 7.1041915893606555 0.0 0.4 0.0 1e-07 0.0 1.0 2116.808503225185 1139.9856426404378 999.9999987260354
chisq 5.455252149840829e-09 0.2045279688607707 7.127203235123719 0.0 0.4 0.0 1e-07 0.0 1.0 2116.177684353091 1139.3479339357739 999.999998705435
chisq 5.455773926310273e-09 0.2047254027418536 7.131694665867409 0.0 0.4 0.0 1e-07 0.0 1.0 2116.0678911183477 1139.236988460013 999.999998701838
chisq 5.454446094532596e-09 0.2064992813846842 7.16290178537804 0.0 0.4 0.0 1e-07 0.0 1.0 2115.2192465735366 1138.3790938278653 999.9999986739459
chisq 5.454561365902102e-09 0.20729111895763097 7.17791171352168 0.0 0.4 0.0 1e-07 0.0 1.0 2114.822382568583 1137.9779431103525 999.9999986608394
chisq 5.453060552597144e-09 0.2100532433873851 7.227368199449349 0.0 0.4 0.0 1e-07 0.0 1.0 2113.476728166967 1136.6176045977147 999.9999986161191
chisq 5.4500186319840536e-09 0.21149392908371778 7.249721484353797 0.0 0.4 0.0 1e-07 0.0 1.0 2112.825720365998 1135.959330119297 999.9999985943392
chisq 5.44578769383993e-09 0.2159610269564889 7.326951895390557 0.0 0.4 0.0 1e-07 0.0 1.0 2110.665689608086 1133.7754789848263 999.9999985213227
chisq 5.446944596515947e-09 0.2171477322916014 7.350944685021578 0.0 0.4 0.0 1e-07 0.0 1.0 2110.030109726955 1133.1330210622164 999.9999984996055
chisq 5.4427955652553054e-09 0.22345761400701675 7.462815409970506 0.0 0.4 0.0 1e-07 0.0 1.0 2106.8814142404285 1129.9494837247917 999.9999983907055
chisq 5.439989295240791e-09 0.22648197484924293 7.515188551162234 0.0 0.4 0.0 1e-07 0.0 1.0 2105.3773433509405 1128.4286376402827 999.9999983378885
chisq 5.432775270894738e-09 0.2364733215815223 7.6913319340543325 0.0 0.4 0.0 1e-07 0.0 1.0 2100.2802755361927 1123.274522907386 999.9999981550649
chisq 5.427868603061076e-09 0.2405413983093002 7.760031293494248 0.0 0.4 0.0 1e-07 0.0 1.0 2098.2295442021186 1121.2005599527188 999.9999980799101
chisq 5.415316304945525e-09 0.25578547577025773 8.026362840516697 0.0 0.4 0.0 1e-07 0.0 1.0 2090.2284027483897 1113.1084885349755 999.9999977778074
chisq 5.414824119695818e-09 0.261183247282709 8.126721560970468 0.0 0.4 0.0 1e-07 0.0 1.0 2087.212680431756 1110.0585005775692 999.9999976602732
chisq 5.399408414896062e-09 0.28379435744581905 8.526606393760423 0.0 0.4 0.0 1e-07 0.0 1.0 2074.695349969719 1097.3966343933414 999.9999971525424
chisq 5.388970545604862e-09 0.2939111558580493 8.700052035583797 0.0 0.4 0.0 1e-07 0.0 1.0 2069.0792497458533 1091.7147660035093 999.9999969144565
chisq 5.36225797386066e-09 0.32913792678356557 9.318670348390441 0.0 0.4 0.0 1e-07 0.0 1.0 2048.557815650527 1070.9507204653385 999.9999959909119
chisq 5.352089906082637e-09 0.34267185175157255 9.556427787724042 0.0 0.4 0.0 1e-07 0.0 1.0 2040.444271748333 1062.7400978682454 999.9999956030886
chisq 5.393219897330696e-09 0.28716009388195507 8.580132175237498 0.0 0.4 0.0 1e-07 0.0 1.0 2072.9348123868785 1095.615324293617 999.999997078683
chisq 5.339082630950983e-09 0.3555188908322431 9.776880480474233 0.0 0.4 0.0 1e-07 0.0 1.0 2032.7916347119888 1054.9950795006437 999.9999952257443
chisq 5.372136285832857e-09 0.31480149183554107 9.065395857050202 0.0 0.4 0.0 1e-07 0.0 1.0 2057.0597206203815 1079.5536103491015 999.9999963836203
chisq 5.3616254084114756e-09 0.32862219081233407 9.308027697956552 0.0 0.4 0.0 1e-07 0.0 1.0 2048.9089627331855 1071.3059811832109 999.9999960074393
chisq 5.340665308645501e-09 0.3562635887659201 9.793291379769258 0.0 0.4 0.0 1e-07 0.0 1.0 2032.2332650852238 1054.4301224545147 999.9999951977367
chisq 5.353092558081177e-09 0.34031135195007206 9.513768448856476 0.0 0.4 0.0 1e-07 0.0 1.0 2041.903718007754 1064.2169989844929 999.9999956738001
chisq 5.3348086975846844e-09 0.3626582022830851 9.903964649788545 0.0 0.4 0.0 1e-07 0.0 1.0 2028.3638325868535 1050.513805732331 999.9999950021532
chisq 5.345132917723128e-09 0.3504093728559943 9.69056997886736 0.0 0.4 0.0 1e-07 0.0 1.0 2035.8055815250418 1058.0455381763184 999.9999953756763
chisq 5.331246058662944e-09 0.3658844150648379 9.958854361153998 0.0 0.4 0.0 1e-07 0.0 1.0 2026.4322110701585 1048.5586865978626 999.9999949034756
chisq 5.332063561609055e-09 0.36768524657698565 9.993859780000301 0.0 0.4 0.0 1e-07 0.0 1.0 2025.2126961940833 1047.3245309967429 999.9999948407791
chisq 5.336684114573052e-09 0.3608364383704448 9.872758821708437 0.0 0.4 0.0 1e-07 0.0 1.0 2029.4588485974755 1051.6221181764174 999.9999950577828
[minimize] *ERROR* Minimizer 'scipy' raised an unexpected error:
[camb] Average 'compute' evaluation time: 0.140144 s  (138 evaluations)
[clkg_likelihood] Average 'logp' evaluation time: 0.6472 s  (140 evaluations)
[exception handler] ---------------------------------------

Traceback (most recent call last):
  File "/global/u2/a/akrolew/cobaya/cobaya/theories/camb/camb.py", line 440, in compute
    i_state = next(i for i in range(self.n_states)
StopIteration

During handling of the above exception, another exception occurred:

Traceback (most recent call last):
  File "minimize.py", line 49, in <module>
    products = run(info)
  File "/global/u2/a/akrolew/cobaya/cobaya/run.py", line 87, in run
    sampler.run()
  File "/global/u2/a/akrolew/cobaya/cobaya/samplers/minimize/minimize.py", line 197, in run
    self.result = self.minimizer(**self.kwargs)
  File "/global/homes/a/akrolew/miniconda3/lib/python3.7/site-packages/scipy/optimize/_minimize.py", line 588, in minimize
    return _minimize_neldermead(fun, x0, args, callback, **options)
  File "/global/homes/a/akrolew/miniconda3/lib/python3.7/site-packages/scipy/optimize/optimize.py", line 633, in _minimize_neldermead
    fxcc = func(xcc)
  File "/global/homes/a/akrolew/miniconda3/lib/python3.7/site-packages/scipy/optimize/optimize.py", line 327, in function_wrapper
    return function(*(wrapper_args + args))
  File "/global/u2/a/akrolew/cobaya/cobaya/samplers/minimize/minimize.py", line 176, in <lambda>
    "fun": (lambda x: -self.logp_transf(x)),
  File "/global/u2/a/akrolew/cobaya/cobaya/samplers/minimize/minimize.py", line 156, in <lambda>
    self.logp_transf = lambda x: self.logp(self.inv_affine_transform(x))
  File "/global/u2/a/akrolew/cobaya/cobaya/samplers/minimize/minimize.py", line 113, in <lambda>
    self.logp = lambda x: method(x, **kwargs)
  File "/global/u2/a/akrolew/cobaya/cobaya/model.py", line 308, in logpost
    return_derived=False, cached=cached)[0]
  File "/global/u2/a/akrolew/cobaya/cobaya/model.py", line 280, in logposterior
    make_finite=make_finite, cached=cached, _no_check=True)
  File "/global/u2/a/akrolew/cobaya/cobaya/model.py", line 186, in loglikes
    _derived=_derived, cached=cached)
  File "/global/u2/a/akrolew/cobaya/cobaya/likelihood.py", line 356, in logps
    **theory_params_dict)
  File "/global/u2/a/akrolew/cobaya/cobaya/theories/camb/camb.py", line 474, in compute
    intermediates["CAMBparams"]["result"])
  File "/global/cfs/cdirs/m3058/krolewski/cosmo_modules/code/CAMB/camb/camb.py", line 35, in get_results
    res.calc_power_spectra(params)
  File "/global/cfs/cdirs/m3058/krolewski/cosmo_modules/code/CAMB/camb/results.py", line 329, in calc_power_spectra
    self.calc_transfers(params, only_transfers=False)
  File "/global/cfs/cdirs/m3058/krolewski/cosmo_modules/code/CAMB/camb/results.py", line 310, in calc_transfers
    byref(c_int(1 if only_time_sources else 0))):
KeyboardInterrupt
-------------------------------------------------------------

[exception handler] Interrupted by the user.
