[model] *WARNING* Ignored blocks/options: ['output', 'resume', 'sampler']
[clkg_likelihood] Initialised external likelihood.
[camb] Importing *local* CAMB from /global/cfs/cdirs/m3058/krolewski/cosmo_modules/code/CAMB
[likelihood] The theory code will compute the following products, requested by the likelihoods: ['sigma8', 'Pk_interpolator']
[parameterization] *ERROR* ('The following expected sampled parameters (or their aliases) where not found : %r', {'shift': [], 'alpha_cross': [], 'width': [], 'alpha_auto': [], 'logSN': [], 's_wise': []})
{'As': {'latex': 'A_\\mathrm{s}', 'value': 'lambda logA: 1e-10*np.exp(logA)'}, 'H0': 67.7, 'Omegam': {'drop': True, 'latex': '\\Omega_m', 'prior': {'max': 0.9, 'min': 0.1}, 'proposal': 0.03, 'ref': 0.302496}, 'SN': {'latex': 'SN', 'value': 'lambda logSN: 10**logSN'}, 'alpha_auto': {'latex': '\\alpha_{auto}', 'prior': {'max': 2.0, 'min': 0.0}, 'proposal': 0.05, 'ref': 1.0}, 'alpha_cross': {'latex': '\\alpha_{cross}', 'prior': {'max': 2.0, 'min': 0.0}, 'proposal': 0.05, 'ref': 1.0}, 'alpha_matter': 0.0, 'b1': {'latex': 'b1', 'prior': {'max': 10.0, 'min': -10.0}, 'proposal': 0.05, 'ref': 1.9378}, 'b2': 1.0, 'bs': 1.0, 'logA': {'drop': True, 'latex': '\\log(10^{10} A_\\mathrm{s})', 'prior': {'max': 4.0, 'min': 1.0}, 'proposal': 0.01, 'ref': 3.05}, 'logSN': {'drop': True, 'prior': {'dist': 'norm', 'loc': -7.0, 'scale': 0.2}, 'proposal': 0.2, 'ref': -7.0}, 'mnu': 0.0, 'nnu': 3.046, 'ns': 0.96824, 'num_massive_neutrinos': 0, 'ombh2': 0.02247, 'omch2': 'lambda ombh2,H0,tau,mnu,nnu,num_massive_neutrinos,ns,As,Omegam,logSN,b1,alpha_cross: Omegam * (H0/100.)**2. - ombh2 - (mnu/93.14)', 's_wise': {'latex': 's', 'prior': {'dist': 'norm', 'loc': 0.4, 'scale': 0.05}, 'proposal': 0.05, 'ref': 0.4}, 'shift': {'latex': 'shift', 'prior': {'max': 1.0, 'min': -1.0}, 'proposal': 0.1, 'ref': 0.03356}, 'sigma8': {'derived': True, 'latex': '\\sigma_8'}, 'tau': 0.0925, 'width': {'latex': 'width', 'prior': {'max': 10.0, 'min': 0.0}, 'proposal': 0.1, 'ref': 1.094}}
[model] *WARNING* Ignored blocks/options: ['output', 'resume', 'sampler']
[clkg_likelihood] Initialised external likelihood.
[camb] Importing *local* CAMB from /global/cfs/cdirs/m3058/krolewski/cosmo_modules/code/CAMB
[likelihood] The theory code will compute the following products, requested by the likelihoods: ['sigma8', 'Pk_interpolator']
[parameterization] *ERROR* ('The following expected sampled parameters (or their aliases) where not found : %r', {'s_wise': [], 'alpha_auto': [], 'width': [], 'alpha_cross': [], 'logSN': [], 'shift': []})
{'As': {'latex': 'A_\\mathrm{s}', 'value': 'lambda logA: 1e-10*np.exp(logA)'}, 'H0': 70.0, 'Omegam': {'drop': True, 'latex': '\\Omega_m', 'prior': {'max': 0.9, 'min': 0.1}, 'proposal': 0.01, 'ref': 0.3}, 'SN': 1e-07, 'b1': {'latex': 'b1', 'prior': {'max': 10.0, 'min': 0.0}, 'proposal': 0.1, 'ref': 1.0}, 'logA': {'drop': True, 'latex': '\\log(10^{10} A_\\mathrm{s})', 'prior': {'max': 4.0, 'min': 1.0}, 'proposal': 0.1, 'ref': 3.05}, 'mnu': 0.0, 'nnu': 3.046, 'ns': 0.965, 'num_massive_neutrinos': 0, 'ombh2': 0.024499999999999997, 'omch2': ('lambda ombh2,H0,tau,mnu,nnu,num_massive_neutrinos,ns,As,Omegam,SN,b1: Omegam * (H0/100.)**2. - ombh2 - (mnu/93.14)',), 'sigma8': {'derived': True, 'latex': '\\sigma_8'}, 'tau': 0.05}
[model] *WARNING* Ignored blocks/options: ['output', 'resume', 'sampler']
[tools] *ERROR* The external function provided is not an actual function. Got: '('lambda ombh2,H0,tau,mnu,nnu,num_massive_neutrinos,ns,As,Omegam,SN,b1: Omegam * (H0/100.)**2. - ombh2 - (mnu/93.14)',)'
{'As': {'latex': 'A_\\mathrm{s}', 'value': 'lambda logA: 1e-10*np.exp(logA)'}, 'H0': 70.0, 'Omegam': {'drop': True, 'latex': '\\Omega_m', 'prior': {'max': 0.9, 'min': 0.1}, 'proposal': 0.01, 'ref': 0.3}, 'SN': 1e-07, 'b1': {'latex': 'b1', 'prior': {'max': 10.0, 'min': 0.0}, 'proposal': 0.1, 'ref': 1.0}, 'logA': {'drop': True, 'latex': '\\log(10^{10} A_\\mathrm{s})', 'prior': {'max': 4.0, 'min': 1.0}, 'proposal': 0.1, 'ref': 3.05}, 'mnu': 0.0, 'nnu': 3.046, 'ns': 0.965, 'num_massive_neutrinos': 0, 'ombh2': 0.024499999999999997, 'omch2': ({'external': "import_module('settings').get_omch2"},), 'sigma8': {'derived': True, 'latex': '\\sigma_8'}, 'tau': 0.05}
[model] *WARNING* Ignored blocks/options: ['output', 'resume', 'sampler']
[tools] *ERROR* The external function provided is not an actual function. Got: '({'external': "import_module('settings').get_omch2"},)'
{'As': {'latex': 'A_\\mathrm{s}', 'value': 'lambda logA: 1e-10*np.exp(logA)'}, 'H0': 70.0, 'Omegam': {'drop': True, 'latex': '\\Omega_m', 'prior': {'max': 0.9, 'min': 0.1}, 'proposal': 0.01, 'ref': 0.3}, 'SN': 1e-07, 'b1': {'latex': 'b1', 'prior': {'max': 10.0, 'min': 0.0}, 'proposal': 0.1, 'ref': 1.0}, 'logA': {'drop': True, 'latex': '\\log(10^{10} A_\\mathrm{s})', 'prior': {'max': 4.0, 'min': 1.0}, 'proposal': 0.1, 'ref': 3.05}, 'mnu': 0.0, 'nnu': 3.046, 'ns': 0.965, 'num_massive_neutrinos': 0, 'ombh2': 0.024499999999999997, 'omch2': {'derived': True, 'external': ("import_module('settings').get_omch2",)}, 'sigma8': {'derived': True, 'latex': '\\sigma_8'}, 'tau': 0.05}
[model] *WARNING* Ignored blocks/options: ['output', 'resume', 'sampler']
[parameterization] *ERROR* Parameters ['Omegam'] are sampled but not passed to the likelihood or theory code, neither ever used as arguments for any parameters. Check that you are not using the 'drop' tag unintentionally.
{'As': {'latex': 'A_\\mathrm{s}', 'value': 'lambda logA: 1e-10*np.exp(logA)'}, 'H0': 70.0, 'Omegam': {'drop': True, 'latex': '\\Omega_m', 'prior': {'max': 0.9, 'min': 0.1}, 'proposal': 0.01, 'ref': 0.3}, 'SN': 1e-07, 'b1': {'latex': 'b1', 'prior': {'max': 10.0, 'min': 0.0}, 'proposal': 0.1, 'ref': 1.0}, 'logA': {'drop': True, 'latex': '\\log(10^{10} A_\\mathrm{s})', 'prior': {'max': 4.0, 'min': 1.0}, 'proposal': 0.1, 'ref': 3.05}, 'mnu': 0.0, 'nnu': 3.046, 'ns': 0.965, 'num_massive_neutrinos': 0, 'ombh2': 0.024499999999999997, 'omch2': {'derived': True, 'external': ("importlib.import_module('settings').get_omch2",)}, 'sigma8': {'derived': True, 'latex': '\\sigma_8'}, 'tau': 0.05}
[model] *WARNING* Ignored blocks/options: ['output', 'resume', 'sampler', 'omch2']
[parameterization] *ERROR* Parameters ['Omegam'] are sampled but not passed to the likelihood or theory code, neither ever used as arguments for any parameters. Check that you are not using the 'drop' tag unintentionally.
{'As': {'latex': 'A_\\mathrm{s}', 'value': 'lambda logA: 1e-10*np.exp(logA)'}, 'H0': 70.0, 'Omegam': {'drop': True, 'latex': '\\Omega_m', 'prior': {'max': 0.9, 'min': 0.1}, 'proposal': 0.01, 'ref': 0.3}, 'SN': 1e-07, 'b1': {'latex': 'b1', 'prior': {'max': 10.0, 'min': 0.0}, 'proposal': 0.1, 'ref': 1.0}, 'logA': {'drop': True, 'latex': '\\log(10^{10} A_\\mathrm{s})', 'prior': {'max': 4.0, 'min': 1.0}, 'proposal': 0.1, 'ref': 3.05}, 'mnu': 0.0, 'nnu': 3.046, 'ns': 0.965, 'num_massive_neutrinos': 0, 'ombh2': 0.024499999999999997, 'sigma8': {'derived': True, 'latex': '\\sigma_8'}, 'tau': 0.05}
[model] *WARNING* Ignored blocks/options: ['output', 'resume', 'sampler', 'omch2']
[parameterization] *ERROR* Parameters ['Omegam'] are sampled but not passed to the likelihood or theory code, neither ever used as arguments for any parameters. Check that you are not using the 'drop' tag unintentionally.
{'As': {'latex': 'A_\\mathrm{s}', 'value': 'lambda logA: 1e-10*np.exp(logA)'}, 'H0': 70.0, 'Omegam': {'drop': True, 'latex': '\\Omega_m', 'prior': {'max': 0.9, 'min': 0.1}, 'proposal': 0.01, 'ref': 0.3}, 'SN': 1e-07, 'b1': {'latex': 'b1', 'prior': {'max': 10.0, 'min': 0.0}, 'proposal': 0.1, 'ref': 1.0}, 'logA': {'drop': True, 'latex': '\\log(10^{10} A_\\mathrm{s})', 'prior': {'max': 4.0, 'min': 1.0}, 'proposal': 0.1, 'ref': 3.05}, 'mnu': 0.0, 'nnu': 3.046, 'ns': 0.965, 'num_massive_neutrinos': 0, 'ombh2': 0.024499999999999997, 'sigma8': {'derived': True, 'latex': '\\sigma_8'}, 'tau': 0.05, 'omch2': <function <lambda> at 0x2aaacb16ff80>}
[model] *WARNING* Ignored blocks/options: ['output', 'resume', 'sampler']
[parameterization] *ERROR* Input parameters defined as functions can only depend on other input parameters that are not defined as functions. In particular, an input parameter cannot depend on ['logSN', 'alpha_cross']
{'As': {'latex': 'A_\\mathrm{s}', 'value': 'lambda logA: 1e-10*np.exp(logA)'}, 'H0': 70.0, 'Omegam': {'drop': True, 'latex': '\\Omega_m', 'prior': {'max': 0.9, 'min': 0.1}, 'proposal': 0.01, 'ref': 0.3}, 'SN': 1e-07, 'b1': {'latex': 'b1', 'prior': {'max': 10.0, 'min': 0.0}, 'proposal': 0.1, 'ref': 1.0}, 'logA': {'drop': True, 'latex': '\\log(10^{10} A_\\mathrm{s})', 'prior': {'max': 4.0, 'min': 1.0}, 'proposal': 0.1, 'ref': 3.05}, 'mnu': 0.0, 'nnu': 3.046, 'ns': 0.965, 'num_massive_neutrinos': 0, 'ombh2': 0.024499999999999997, 'sigma8': {'derived': True, 'latex': '\\sigma_8'}, 'tau': 0.05, 'omch2': <function <lambda> at 0x2aaacb184050>}
[model] *WARNING* Ignored blocks/options: ['output', 'resume', 'sampler']
[clkg_likelihood] Initialised external likelihood.
[camb] Importing *local* CAMB from /global/cfs/cdirs/m3058/krolewski/cosmo_modules/code/CAMB
[likelihood] The theory code will compute the following products, requested by the likelihoods: ['sigma8', 'Pk_interpolator']
[parameterization] *ERROR* Could not resolve arguments for input parameters ['As', 'omch2']. Maybe there is a circular dependency between derived parameters?
{'As': {'latex': 'A_\\mathrm{s}', 'value': 'lambda logA: 1e-10*np.exp(logA)'}, 'H0': 70.0, 'Omegam': {'drop': True, 'latex': '\\Omega_m', 'prior': {'max': 0.9, 'min': 0.1}, 'proposal': 0.01, 'ref': 0.3}, 'SN': 1e-07, 'b1': {'latex': 'b1', 'prior': {'max': 10.0, 'min': 0.0}, 'proposal': 0.1, 'ref': 1.0}, 'logA': {'drop': True, 'latex': '\\log(10^{10} A_\\mathrm{s})', 'prior': {'max': 4.0, 'min': 1.0}, 'proposal': 0.1, 'ref': 3.05}, 'mnu': 0.0, 'nnu': 3.046, 'ns': 0.965, 'num_massive_neutrinos': 0, 'ombh2': 0.024499999999999997, 'sigma8': {'derived': True, 'latex': '\\sigma_8'}, 'tau': 0.05, 'omch2': <function <lambda> at 0x2aaacb183050>}
[model] *WARNING* Ignored blocks/options: ['output', 'resume', 'sampler']
[clkg_likelihood] Initialised external likelihood.
[camb] Importing *local* CAMB from /global/cfs/cdirs/m3058/krolewski/cosmo_modules/code/CAMB
[likelihood] The theory code will compute the following products, requested by the likelihoods: ['sigma8', 'Pk_interpolator']
[parameterization] *ERROR* Could not resolve arguments for input parameters ['omch2', 'As']. Maybe there is a circular dependency between derived parameters?
{'As': {'latex': 'A_\\mathrm{s}', 'value': 'lambda logA: 1e-10*np.exp(logA)'}, 'H0': 70.0, 'Omegam': {'drop': True, 'latex': '\\Omega_m', 'prior': {'max': 0.9, 'min': 0.1}, 'proposal': 0.01, 'ref': 0.3}, 'SN': 1e-07, 'b1': {'latex': 'b1', 'prior': {'max': 10.0, 'min': 0.0}, 'proposal': 0.1, 'ref': 1.0}, 'logA': {'drop': True, 'latex': '\\log(10^{10} A_\\mathrm{s})', 'prior': {'max': 4.0, 'min': 1.0}, 'proposal': 0.1, 'ref': 3.05}, 'mnu': 0.0, 'nnu': 3.046, 'ns': 0.965, 'num_massive_neutrinos': 0, 'ombh2': 0.024499999999999997, 'sigma8': {'derived': True, 'latex': '\\sigma_8'}, 'tau': 0.05, 'omch2': <function <lambda> at 0x2aaaac0b4200>}
[model] *WARNING* Ignored blocks/options: ['output', 'resume', 'sampler']
[clkg_likelihood] Initialised external likelihood.
[camb] Importing *local* CAMB from /global/cfs/cdirs/m3058/krolewski/cosmo_modules/code/CAMB
[likelihood] The theory code will compute the following products, requested by the likelihoods: ['sigma8', 'Pk_interpolator']
[parameterization] *ERROR* Could not resolve arguments for input parameters ['As', 'omch2']. Maybe there is a circular dependency between derived parameters?
{'As': {'latex': 'A_\\mathrm{s}', 'value': 'lambda logA: 1e-10*np.exp(logA)'}, 'H0': 70.0, 'Omegam': {'drop': True, 'latex': '\\Omega_m', 'prior': {'max': 0.9, 'min': 0.1}, 'proposal': 0.01, 'ref': 0.3}, 'SN': 1e-07, 'b1': {'latex': 'b1', 'prior': {'max': 10.0, 'min': 0.0}, 'proposal': 0.1, 'ref': 1.0}, 'logA': {'drop': True, 'latex': '\\log(10^{10} A_\\mathrm{s})', 'prior': {'max': 4.0, 'min': 1.0}, 'proposal': 0.1, 'ref': 3.05}, 'mnu': 0.0, 'nnu': 3.046, 'ns': 0.965, 'num_massive_neutrinos': 0, 'ombh2': 0.024499999999999997, 'sigma8': {'derived': True, 'latex': '\\sigma_8'}, 'tau': 0.05, 'omch2': <function <lambda> at 0x2aaaac0b4200>}
[model] *WARNING* Ignored blocks/options: ['output', 'resume', 'sampler']
[clkg_likelihood] Initialised external likelihood.
[camb] Importing *local* CAMB from /global/cfs/cdirs/m3058/krolewski/cosmo_modules/code/CAMB
[likelihood] The theory code will compute the following products, requested by the likelihoods: ['sigma8', 'Pk_interpolator']
[parameterization] *ERROR* Could not resolve arguments for input parameters ['As', 'omch2']. Maybe there is a circular dependency between derived parameters?
{'As': {'latex': 'A_\\mathrm{s}', 'value': 'lambda logA: 1e-10*np.exp(logA)'}, 'H0': 70.0, 'Omegam': {'drop': True, 'latex': '\\Omega_m', 'prior': {'max': 0.9, 'min': 0.1}, 'proposal': 0.01, 'ref': 0.3}, 'SN': 1e-07, 'b1': {'latex': 'b1', 'prior': {'max': 10.0, 'min': 0.0}, 'proposal': 0.1, 'ref': 1.0}, 'logA': {'drop': True, 'latex': '\\log(10^{10} A_\\mathrm{s})', 'prior': {'max': 4.0, 'min': 1.0}, 'proposal': 0.1, 'ref': 3.05}, 'mnu': 0.0, 'nnu': 3.046, 'ns': 0.965, 'num_massive_neutrinos': 0, 'ombh2': 0.024499999999999997, 'tau': 0.05, 'omch2': <function <lambda> at 0x2aaaac0b4200>, 'sigma8': {'derived': True, 'latex': '\\sigma_8'}}
[model] *WARNING* Ignored blocks/options: ['output', 'resume', 'sampler']
[clkg_likelihood] Initialised external likelihood.
[camb] Importing *local* CAMB from /global/cfs/cdirs/m3058/krolewski/cosmo_modules/code/CAMB
[likelihood] The theory code will compute the following products, requested by the likelihoods: ['sigma8', 'Pk_interpolator']
[parameterization] *ERROR* Could not resolve arguments for input parameters ['As', 'omch2']. Maybe there is a circular dependency between derived parameters?
{'As': {'latex': 'A_\\mathrm{s}', 'value': 'lambda logA: 1e-10*np.exp(logA)'}, 'H0': 70.0, 'Omegam': {'drop': True, 'latex': '\\Omega_m', 'prior': {'max': 0.9, 'min': 0.1}, 'proposal': 0.01, 'ref': 0.3}, 'SN': 1e-07, 'b1': {'latex': 'b1', 'prior': {'max': 10.0, 'min': 0.0}, 'proposal': 0.1, 'ref': 1.0}, 'logA': {'drop': True, 'latex': '\\log(10^{10} A_\\mathrm{s})', 'prior': {'max': 4.0, 'min': 1.0}, 'proposal': 0.1, 'ref': 3.05}, 'mnu': 0.0, 'nnu': 3.046, 'ns': 0.965, 'num_massive_neutrinos': 0, 'ombh2': 0.024499999999999997, 'tau': 0.05, 'omch2': 'lambda ombh2,H0,tau,mnu,nnu,num_massive_neutrinos,ns,logA,Omegam,b1: Omegam * (H0/100.)**2. - ombh2 - (mnu/93.14)', 'sigma8': {'derived': True, 'latex': '\\sigma_8'}}
[model] *WARNING* Ignored blocks/options: ['output', 'resume', 'sampler']
[clkg_likelihood] Initialised external likelihood.
[camb] Importing *local* CAMB from /global/cfs/cdirs/m3058/krolewski/cosmo_modules/code/CAMB
[likelihood] The theory code will compute the following products, requested by the likelihoods: ['sigma8', 'Pk_interpolator']
[parameterization] *ERROR* Could not resolve arguments for input parameters ['omch2', 'As']. Maybe there is a circular dependency between derived parameters?
{'As': {'latex': 'A_\\mathrm{s}', 'value': 'lambda logA: 1e-10*np.exp(logA)'}, 'H0': 70.0, 'Omegam': {'drop': True, 'latex': '\\Omega_m', 'prior': {'max': 0.9, 'min': 0.1}, 'proposal': 0.01, 'ref': 0.3}, 'SN': 1e-07, 'b1': {'latex': 'b1', 'prior': {'max': 10.0, 'min': 0.0}, 'proposal': 0.1, 'ref': 1.0}, 'logA': {'drop': True, 'latex': '\\log(10^{10} A_\\mathrm{s})', 'prior': {'max': 4.0, 'min': 1.0}, 'proposal': 0.1, 'ref': 3.05}, 'mnu': 0.0, 'nnu': 3.046, 'ns': 0.965, 'num_massive_neutrinos': 0, 'ombh2': 0.024499999999999997, 'tau': 0.05, 'omch2': 'lambda ombh2,H0,tau,mnu,nnu,num_massive_neutrinos,ns,logA,Omegam,b1: Omegam * (H0/100.)**2. - ombh2 - (mnu/93.14)', 'sigma8': {'derived': True, 'latex': '\\sigma_8'}}
[model] *WARNING* Ignored blocks/options: ['sampler', 'output', 'resume']
[clkg_likelihood] Initialised external likelihood.
[camb] Importing *local* CAMB from /global/cfs/cdirs/m3058/krolewski/cosmo_modules/code/CAMB
[likelihood] The theory code will compute the following products, requested by the likelihoods: ['sigma8', 'Pk_interpolator']
[parameterization] *ERROR* Could not resolve arguments for input parameters ['As', 'omch2']. Maybe there is a circular dependency between derived parameters?
OrderedDict([('H0', 70.0), ('ombh2', 0.024499999999999997), ('tau', 0.05), ('mnu', 0.0), ('nnu', 3.046), ('num_massive_neutrinos', 0), ('ns', 0.965), ('SN', 1e-07), ('logA', OrderedDict([('prior', OrderedDict([('min', 1.0), ('max', 4.0)])), ('ref', 3.05), ('proposal', 0.1), ('latex', '\\log(10^{10} A_\\mathrm{s})'), ('drop', True)])), ('As', OrderedDict([('value', 'lambda logA: 1e-10*np.exp(logA)'), ('latex', 'A_\\mathrm{s}')])), ('Omegam', OrderedDict([('prior', OrderedDict([('min', 0.1), ('max', 0.9)])), ('ref', 0.3), ('proposal', 0.01), ('latex', '\\Omega_m'), ('drop', True)])), ('b1', OrderedDict([('prior', OrderedDict([('min', 0.0), ('max', 10.0)])), ('ref', 1.0), ('proposal', 0.1), ('latex', 'b1')])), ('omch2', 'lambda ombh2,H0,tau,mnu,nnu,num_massive_neutrinos,ns,logA,Omegam,b1: Omegam * (H0/100.)**2. - ombh2 - (mnu/93.14)'), ('sigma8', {'derived': True, 'latex': '\\sigma_8'})])
[model] *WARNING* Ignored blocks/options: ['sampler', 'output', 'resume']
[clkg_likelihood] Initialised external likelihood.
[camb] Importing *local* CAMB from /global/cfs/cdirs/m3058/krolewski/cosmo_modules/code/CAMB
[likelihood] The theory code will compute the following products, requested by the likelihoods: ['sigma8', 'Pk_interpolator']
[parameterization] *ERROR* Could not resolve arguments for input parameters ['As', 'omch2']. Maybe there is a circular dependency between derived parameters?
OrderedDict([('H0', 70.0), ('ombh2', 0.024499999999999997), ('tau', 0.05), ('mnu', 0.0), ('nnu', 3.046), ('num_massive_neutrinos', 0), ('ns', 0.965), ('SN', 1e-07), ('logA', OrderedDict([('prior', OrderedDict([('min', 1.0), ('max', 4.0)])), ('ref', 3.05), ('proposal', 0.1), ('latex', '\\log(10^{10} A_\\mathrm{s})'), ('drop', True)])), ('As', OrderedDict([('value', 'lambda logA: 1e-10*np.exp(logA)'), ('latex', 'A_\\mathrm{s}')])), ('Omegam', OrderedDict([('prior', OrderedDict([('min', 0.1), ('max', 0.9)])), ('ref', 0.3), ('proposal', 0.01), ('latex', '\\Omega_m'), ('drop', True)])), ('b1', OrderedDict([('prior', OrderedDict([('min', 0.0), ('max', 10.0)])), ('ref', 1.0), ('proposal', 0.1), ('latex', 'b1')])), ('omch2', 'lambda H0,ombh2,tau,mnu,nnu,num_massive_neutrinos,ns,SN,As,Omegam,b1: Omegam * (H0/100.)**2. - ombh2 - (mnu/93.14)'), ('sigma8', {'derived': True, 'latex': '\\sigma_8'})])
[model] *WARNING* Ignored blocks/options: ['sampler', 'output', 'resume']
[clkg_likelihood] Initialised external likelihood.
[camb] Importing *local* CAMB from /global/cfs/cdirs/m3058/krolewski/cosmo_modules/code/CAMB
[likelihood] The theory code will compute the following products, requested by the likelihoods: ['sigma8', 'Pk_interpolator']
[parameterization] *ERROR* Could not resolve arguments for input parameters ['omch2', 'As']. Maybe there is a circular dependency between derived parameters?
OrderedDict([('H0', 70.0), ('ombh2', 0.024499999999999997), ('tau', 0.05), ('mnu', 0.0), ('nnu', 3.046), ('num_massive_neutrinos', 0), ('ns', 0.965), ('SN', 1e-07), ('logA', OrderedDict([('prior', OrderedDict([('min', 1.0), ('max', 4.0)])), ('ref', 3.05), ('proposal', 0.1), ('latex', '\\log(10^{10} A_\\mathrm{s})'), ('drop', True)])), ('As', OrderedDict([('value', 'lambda logA: 1e-10*np.exp(logA)'), ('latex', 'A_\\mathrm{s}')])), ('Omegam', OrderedDict([('prior', OrderedDict([('min', 0.1), ('max', 0.9)])), ('ref', 0.3), ('proposal', 0.01), ('latex', '\\Omega_m'), ('drop', True)])), ('b1', OrderedDict([('prior', OrderedDict([('min', 0.0), ('max', 10.0)])), ('ref', 1.0), ('proposal', 0.1), ('latex', 'b1')])), ('omch2', 'lambda: H0,ombh2,tau,mnu,nnu,num_massive_neutrinos,ns,SN,As,Omegam,b1: Omegam * (H0/100.)**2. - ombh2 - (mnu/93.14)'), ('sigma8', {'derived': True, 'latex': '\\sigma_8'})])
[model] *WARNING* Ignored blocks/options: ['sampler', 'output', 'resume']
[tools] *ERROR* Failed to load external function: 'SyntaxError('invalid syntax', ('<string>', 1, 70, 'lambda: H0,ombh2,tau,mnu,nnu,num_massive_neutrinos,ns,SN,As,Omegam,b1: Omegam * (H0/100.)**2. - ombh2 - (mnu/93.14)'))'
{'As': {'latex': 'A_\\mathrm{s}', 'value': 'lambda logA: 1e-10*np.exp(logA)'}, 'H0': 67.7, 'Omegam': {'drop': True, 'latex': '\\Omega_m', 'prior': {'max': 0.9, 'min': 0.1}, 'proposal': 0.03, 'ref': 0.3092002474326078}, 'SN': {'latex': 'SN', 'value': 'lambda logSN: 10**logSN'}, 'alpha_auto': 0.0, 'alpha_cross': 0.0, 'alpha_matter': 0.0, 'b1': {'latex': 'b1', 'prior': {'max': 10.0, 'min': -10.0}, 'proposal': 0.05, 'ref': 2.17}, 'b2': 1.0, 'bs': 1.0, 'logA': {'drop': True, 'latex': '\\log(10^{10} A_\\mathrm{s})', 'prior': {'max': 4.0, 'min': 1.0}, 'proposal': 0.01, 'ref': 3.05}, 'logSN': {'drop': True, 'prior': {'dist': 'norm', 'loc': -7.0, 'scale': 0.2}, 'proposal': 0.2, 'ref': -7.0}, 'mnu': 0.0, 'nnu': 3.046, 'ns': 0.96824, 'num_massive_neutrinos': 0, 'ombh2': 0.02247, 'omch2': 'lambda ombh2,H0,tau,mnu,nnu,num_massive_neutrinos,ns,As,Omegam,logSN,b1,alpha_cross: Omegam * (H0/100.)**2. - ombh2 - (mnu/93.14)', 's_wise': {'latex': 's', 'prior': {'dist': 'norm', 'loc': 0.653, 'scale': 0.06530000000000001}, 'proposal': 0.06530000000000001, 'ref': 0.653}, 'shift': {'latex': 'shift', 'prior': {'max': 1.0, 'min': -1.0}, 'proposal': 0.1, 'ref': 9.55175950643363e-07}, 'sigma8': {'derived': True, 'latex': '\\sigma_8'}, 'tau': 0.0925, 'width': {'latex': 'width', 'prior': {'max': 10.0, 'min': 0.0}, 'proposal': 0.1, 'ref': 1.000002231966804}}
[model] *WARNING* Ignored blocks/options: ['sampler', 'output', 'resume']
[clkg_likelihood] Initialised external likelihood.
[camb] Importing *local* CAMB from /global/cfs/cdirs/m3058/krolewski/cosmo_modules/code/CAMB
[likelihood] The theory code will compute the following products, requested by the likelihoods: ['sigma8', 'Pk_interpolator']
[parameterization] *ERROR* ('The following expected sampled parameters (or their aliases) where not found : %r', {'logSN': [], 'width': [], 's_wise': [], 'shift': []})
{'As': {'latex': 'A_\\mathrm{s}', 'value': 'lambda logA: 1e-10*np.exp(logA)'}, 'H0': 67.7, 'Omegam': {'drop': True, 'latex': '\\Omega_m', 'prior': {'max': 0.9, 'min': 0.1}, 'proposal': 0.03, 'ref': 0.3092002474326078}, 'SN': '1e-7', 'b1': {'latex': 'b1', 'prior': {'max': 10.0, 'min': -10.0}, 'proposal': 0.05, 'ref': 2.17}, 'b2': 1.0, 'bs': 1.0, 'logA': {'drop': True, 'latex': '\\log(10^{10} A_\\mathrm{s})', 'prior': {'max': 4.0, 'min': 1.0}, 'proposal': 0.01, 'ref': 3.05}, 'logSN': {'drop': True, 'prior': {'dist': 'norm', 'loc': -7.0, 'scale': 0.2}, 'proposal': 0.2, 'ref': -7.0}, 'mnu': 0.0, 'nnu': 3.046, 'ns': 0.96824, 'num_massive_neutrinos': 0, 'ombh2': 0.02247, 'omch2': 'lambda ombh2,H0,tau,mnu,nnu,num_massive_neutrinos,ns,As,Omegam,logSN,b1,alpha_cross: Omegam * (H0/100.)**2. - ombh2 - (mnu/93.14)', 's_wise': {'latex': 's', 'prior': {'dist': 'norm', 'loc': 0.653, 'scale': 0.06530000000000001}, 'proposal': 0.06530000000000001, 'ref': 0.653}, 'shift': {'latex': 'shift', 'prior': {'max': 1.0, 'min': -1.0}, 'proposal': 0.1, 'ref': 9.55175950643363e-07}, 'sigma8': {'derived': True, 'latex': '\\sigma_8'}, 'tau': 0.0925, 'width': {'latex': 'width', 'prior': {'max': 10.0, 'min': 0.0}, 'proposal': 0.1, 'ref': 1.000002231966804}}
[model] *WARNING* Ignored blocks/options: ['sampler', 'output', 'resume']
[tools] *ERROR* The external function provided is not an actual function. Got: '1e-07'
{'As': {'latex': 'A_\\mathrm{s}', 'value': 'lambda logA: 1e-10*np.exp(logA)'}, 'H0': 67.7, 'Omegam': {'drop': True, 'latex': '\\Omega_m', 'prior': {'max': 0.9, 'min': 0.1}, 'proposal': 0.03, 'ref': 0.3092002474326078}, 'SN': '1e-7', 'b1': {'latex': 'b1', 'prior': {'max': 10.0, 'min': -10.0}, 'proposal': 0.05, 'ref': 2.17}, 'b2': 1.0, 'bs': 1.0, 'logA': {'drop': True, 'latex': '\\log(10^{10} A_\\mathrm{s})', 'prior': {'max': 4.0, 'min': 1.0}, 'proposal': 0.01, 'ref': 3.05}, 'mnu': 0.0, 'nnu': 3.046, 'ns': 0.96824, 'num_massive_neutrinos': 0, 'ombh2': 0.02247, 'omch2': 'lambda ombh2,H0,tau,mnu,nnu,num_massive_neutrinos,ns,As,Omegam,logSN,b1,alpha_cross: Omegam * (H0/100.)**2. - ombh2 - (mnu/93.14)', 's_wise': {'latex': 's', 'prior': {'dist': 'norm', 'loc': 0.653, 'scale': 0.06530000000000001}, 'proposal': 0.06530000000000001, 'ref': 0.653}, 'shift': {'latex': 'shift', 'prior': {'max': 1.0, 'min': -1.0}, 'proposal': 0.1, 'ref': 9.55175950643363e-07}, 'sigma8': {'derived': True, 'latex': '\\sigma_8'}, 'tau': 0.0925, 'width': {'latex': 'width', 'prior': {'max': 10.0, 'min': 0.0}, 'proposal': 0.1, 'ref': 1.000002231966804}}
[model] *WARNING* Ignored blocks/options: ['sampler', 'output', 'resume']
[tools] *ERROR* The external function provided is not an actual function. Got: '1e-07'
{'As': {'latex': 'A_\\mathrm{s}', 'value': 'lambda logA: 1e-10*np.exp(logA)'}, 'H0': 67.7, 'Omegam': {'drop': True, 'latex': '\\Omega_m', 'prior': {'max': 0.9, 'min': 0.1}, 'proposal': 0.03, 'ref': 0.3092002474326078}, 'SN': 1e-07, 'b1': {'latex': 'b1', 'prior': {'max': 10.0, 'min': -10.0}, 'proposal': 0.05, 'ref': 2.17}, 'b2': 1.0, 'bs': 1.0, 'logA': {'drop': True, 'latex': '\\log(10^{10} A_\\mathrm{s})', 'prior': {'max': 4.0, 'min': 1.0}, 'proposal': 0.01, 'ref': 3.05}, 'mnu': 0.0, 'nnu': 3.046, 'ns': 0.96824, 'num_massive_neutrinos': 0, 'ombh2': 0.02247, 'omch2': 'lambda ombh2,H0,tau,mnu,nnu,num_massive_neutrinos,ns,As,Omegam,logSN,b1,alpha_cross: Omegam * (H0/100.)**2. - ombh2 - (mnu/93.14)', 's_wise': {'latex': 's', 'prior': {'dist': 'norm', 'loc': 0.653, 'scale': 0.06530000000000001}, 'proposal': 0.06530000000000001, 'ref': 0.653}, 'shift': {'latex': 'shift', 'prior': {'max': 1.0, 'min': -1.0}, 'proposal': 0.1, 'ref': 9.55175950643363e-07}, 'sigma8': {'derived': True, 'latex': '\\sigma_8'}, 'tau': 0.0925, 'width': {'latex': 'width', 'prior': {'max': 10.0, 'min': 0.0}, 'proposal': 0.1, 'ref': 1.000002231966804}}
[model] *WARNING* Ignored blocks/options: ['sampler', 'output', 'resume']
[parameterization] *ERROR* Input parameters defined as functions can only depend on other input parameters that are not defined as functions. In particular, an input parameter cannot depend on ['alpha_cross', 'logSN']
{'As': {'latex': 'A_\\mathrm{s}', 'value': 'lambda logA: 1e-10*np.exp(logA)'}, 'H0': 67.7, 'Omegam': {'drop': True, 'latex': '\\Omega_m', 'prior': {'max': 0.9, 'min': 0.1}, 'proposal': 0.03, 'ref': 0.3092002474326078}, 'SN': 1e-07, 'b1': {'latex': 'b1', 'prior': {'max': 10.0, 'min': -10.0}, 'proposal': 0.05, 'ref': 2.17}, 'b2': 1.0, 'bs': 1.0, 'logA': {'drop': True, 'latex': '\\log(10^{10} A_\\mathrm{s})', 'prior': {'max': 4.0, 'min': 1.0}, 'proposal': 0.01, 'ref': 3.05}, 'mnu': 0.0, 'nnu': 3.046, 'ns': 0.96824, 'num_massive_neutrinos': 0, 'ombh2': 0.02247, 'omch2': 'lambda ombh2,H0,tau,mnu,nnu,num_massive_neutrinos,ns,As,Omegam,b1: Omegam * (H0/100.)**2. - ombh2 - (mnu/93.14)', 's_wise': {'latex': 's', 'prior': {'dist': 'norm', 'loc': 0.653, 'scale': 0.06530000000000001}, 'proposal': 0.06530000000000001, 'ref': 0.653}, 'shift': {'latex': 'shift', 'prior': {'max': 1.0, 'min': -1.0}, 'proposal': 0.1, 'ref': 9.55175950643363e-07}, 'sigma8': {'derived': True, 'latex': '\\sigma_8'}, 'tau': 0.0925, 'width': {'latex': 'width', 'prior': {'max': 10.0, 'min': 0.0}, 'proposal': 0.1, 'ref': 1.000002231966804}}
[model] *WARNING* Ignored blocks/options: ['sampler', 'output', 'resume']
[clkg_likelihood] Initialised external likelihood.
[camb] Importing *local* CAMB from /global/cfs/cdirs/m3058/krolewski/cosmo_modules/code/CAMB
[likelihood] The theory code will compute the following products, requested by the likelihoods: ['sigma8', 'Pk_interpolator']
[parameterization] *ERROR* ('The following expected sampled parameters (or their aliases) where not found : %r', {'width': [], 's_wise': [], 'shift': []})
{'As': {'latex': 'A_\\mathrm{s}', 'value': 'lambda logA: 1e-10*np.exp(logA)'}, 'H0': 67.7, 'Omegam': {'drop': True, 'latex': '\\Omega_m', 'prior': {'max': 0.9, 'min': 0.1}, 'proposal': 0.03, 'ref': 0.3092002474326078}, 'SN': 1e-07, 'b1': {'latex': 'b1', 'prior': {'max': 10.0, 'min': -10.0}, 'proposal': 0.05, 'ref': 2.17}, 'logA': {'drop': True, 'latex': '\\log(10^{10} A_\\mathrm{s})', 'prior': {'max': 4.0, 'min': 1.0}, 'proposal': 0.01, 'ref': 3.05}, 'mnu': 0.0, 'nnu': 3.046, 'ns': 0.96824, 'num_massive_neutrinos': 0, 'ombh2': 0.02247, 'omch2': 'lambda ombh2,H0,tau,mnu,nnu,num_massive_neutrinos,ns,As,Omegam,b1: Omegam * (H0/100.)**2. - ombh2 - (mnu/93.14)', 's_wise': {'latex': 's', 'prior': {'dist': 'norm', 'loc': 0.653, 'scale': 0.06530000000000001}, 'proposal': 0.06530000000000001, 'ref': 0.653}, 'shift': {'latex': 'shift', 'prior': {'max': 1.0, 'min': -1.0}, 'proposal': 0.1, 'ref': 9.55175950643363e-07}, 'sigma8': {'derived': True, 'latex': '\\sigma_8'}, 'tau': 0.0925, 'width': {'latex': 'width', 'prior': {'max': 10.0, 'min': 0.0}, 'proposal': 0.1, 'ref': 1.000002231966804}}
[model] *WARNING* Ignored blocks/options: ['sampler', 'output', 'resume']
[clkg_likelihood] Initialised external likelihood.
[camb] Importing *local* CAMB from /global/cfs/cdirs/m3058/krolewski/cosmo_modules/code/CAMB
[likelihood] The theory code will compute the following products, requested by the likelihoods: ['sigma8', 'Pk_interpolator']
[parameterization] *ERROR* ('The following expected sampled parameters (or their aliases) where not found : %r', {'shift': [], 's_wise': [], 'width': []})
{'As': {'latex': 'A_\\mathrm{s}', 'value': 'lambda logA: 1e-10*np.exp(logA)'}, 'H0': 67.7, 'Omegam': {'drop': True, 'latex': '\\Omega_m', 'prior': {'max': 0.9, 'min': 0.1}, 'proposal': 0.03, 'ref': 0.3092002474326078}, 'SN': 1e-07, 'b1': {'latex': 'b1', 'prior': {'max': 10.0, 'min': -10.0}, 'proposal': 0.05, 'ref': 2.17}, 'logA': {'drop': True, 'latex': '\\log(10^{10} A_\\mathrm{s})', 'prior': {'max': 4.0, 'min': 1.0}, 'proposal': 0.01, 'ref': 3.05}, 'mnu': 0.0, 'nnu': 3.046, 'ns': 0.96824, 'num_massive_neutrinos': 0, 'ombh2': 0.02247, 'omch2': 'lambda ombh2,H0,tau,mnu,nnu,num_massive_neutrinos,ns,As,Omegam,b1: Omegam * (H0/100.)**2. - ombh2 - (mnu/93.14)', 'sigma8': {'derived': True, 'latex': '\\sigma_8'}, 'tau': 0.0925}
[model] *WARNING* Ignored blocks/options: ['sampler', 'output', 'resume']
[clkg_likelihood] Initialised external likelihood.
[camb] Importing *local* CAMB from /global/cfs/cdirs/m3058/krolewski/cosmo_modules/code/CAMB
[likelihood] The theory code will compute the following products, requested by the likelihoods: ['sigma8', 'Pk_interpolator']
[parameterization] *ERROR* Could not resolve arguments for input parameters ['As', 'omch2']. Maybe there is a circular dependency between derived parameters?
{'As': {'latex': 'A_\\mathrm{s}', 'value': 'lambda logA: 1e-10*np.exp(logA)'}, 'H0': 67.7, 'Omegam': {'drop': True, 'latex': '\\Omega_m', 'prior': {'max': 0.9, 'min': 0.1}, 'proposal': 0.03, 'ref': 0.3092002474326078}, 'SN': 1e-07, 'b1': {'latex': 'b1', 'prior': {'max': 10.0, 'min': -10.0}, 'proposal': 0.05, 'ref': 2.17}, 'logA': {'drop': True, 'latex': '\\log(10^{10} A_\\mathrm{s})', 'prior': {'max': 4.0, 'min': 1.0}, 'proposal': 0.01, 'ref': 3.05}, 'mnu': 0.0, 'nnu': 3.046, 'ns': 0.96824, 'num_massive_neutrinos': 0, 'ombh2': 0.02247, 'omch2': 'lambda ombh2,H0,tau,mnu,nnu,num_massive_neutrinos,ns,As,Omegam,b1: Omegam * (H0/100.)**2. - ombh2 - (mnu/93.14)', 'sigma8': {'derived': True, 'latex': '\\sigma_8'}, 'tau': 0.0925}
[model] *WARNING* Ignored blocks/options: ['sampler', 'output', 'resume']
[clkg_likelihood] Initialised external likelihood.
[camb] Importing *local* CAMB from /global/cfs/cdirs/m3058/krolewski/cosmo_modules/code/CAMB
[likelihood] The theory code will compute the following products, requested by the likelihoods: ['sigma8', 'Pk_interpolator']
7.152557373046875e-07
{'As': {'latex': 'A_\\mathrm{s}', 'value': 'lambda logA: 1e-10*np.exp(logA)'}, 'H0': 67.7, 'Omegam': {'drop': True, 'latex': '\\Omega_m', 'prior': {'max': 0.9, 'min': 0.1}, 'proposal': 0.03, 'ref': 0.3092002474326078}, 'SN': 1e-07, 'b1': {'latex': 'b1', 'prior': {'max': 10.0, 'min': -10.0}, 'proposal': 0.05, 'ref': 2.17}, 'logA': {'drop': True, 'latex': '\\log(10^{10} A_\\mathrm{s})', 'prior': {'max': 4.0, 'min': 1.0}, 'proposal': 0.01, 'ref': 3.05}, 'mnu': 0.0, 'nnu': 3.046, 'ns': 0.96824, 'num_massive_neutrinos': 0, 'ombh2': 0.02247, 'omch2': 'lambda ombh2,H0,tau,mnu,nnu,num_massive_neutrinos,ns,As,Omegam,b1: Omegam * (H0/100.)**2. - ombh2 - (mnu/93.14)', 'sigma8': {'derived': True, 'latex': '\\sigma_8'}, 'tau': 0.0925}
[model] *WARNING* Ignored blocks/options: ['sampler', 'output', 'resume']
[clkg_likelihood] Initialised external likelihood.
[camb] Importing *local* CAMB from /global/cfs/cdirs/m3058/krolewski/cosmo_modules/code/CAMB
[likelihood] The theory code will compute the following products, requested by the likelihoods: ['sigma8', 'Pk_interpolator']
[clkg_likelihood] *ERROR* ----------------

Traceback (most recent call last):
  File "/global/u2/a/akrolew/cobaya/cobaya/likelihood.py", line 129, in _logp_cached
    i_state = next(i for i in range(self.n_states)
StopIteration

During handling of the above exception, another exception occurred:

Traceback (most recent call last):
  File "/global/u2/a/akrolew/cobaya/cobaya/likelihood.py", line 250, in logp
    return self.external_function(**params_values)
  File "/global/cscratch1/sd/akrolew/xcorr_light/settings.py", line 633, in clkg_likelihood
    lim_cross, lim_auto = get_angular_power_spectra(halofit, _theory, s_wise, Omegam, b1, b2, bs, alpha_auto, alpha_cross, alpha_matter, SN, shift, width)
  File "/global/cscratch1/sd/akrolew/xcorr_light/settings.py", line 503, in get_angular_power_spectra
    _theory.get_param('num_massive_neutrinos'), shift, width, autoCMB)
  File "/global/homes/a/akrolew/miniconda3/lib/python3.7/site-packages/cachetools/__init__.py", line 46, in wrapper
    v = func(*args, **kwargs)
  File "/global/cscratch1/sd/akrolew/xcorr_light/settings.py", line 418, in wrap_limber
    halofit_pk = wrap_halofit(Pk_interpolator, halofit, As, H0, omch2, ombh2, mnu, nnu, ns, tau, num_massive_neutrinos)
  File "/global/homes/a/akrolew/miniconda3/lib/python3.7/site-packages/cachetools/__init__.py", line 46, in wrapper
    v = func(*args, **kwargs)
  File "/global/cscratch1/sd/akrolew/xcorr_light/settings.py", line 366, in wrap_halofit
    setup_chi_out = L2.setup_chi(cosmo, dndz_xcorr, dndz_xcorr, Nchi, Nchi_mag)
  File "/global/cscratch1/sd/akrolew/xcorr_light/limber2_halofit.py", line 95, in setup_chi
    zmin     = np.min(np.append(dndz1[:,0],dndz2[:,0]))
IndexError: too many indices for array

-------------------------------------
[clkg_likelihood] *ERROR* The external likelihood 'clkg_likelihood' failed at evaluation. See error info on top of this message.
0.8820955753326416
{'As': {'latex': 'A_\\mathrm{s}', 'value': 'lambda logA: 1e-10*np.exp(logA)'}, 'H0': 67.7, 'Omegam': {'drop': True, 'latex': '\\Omega_m', 'prior': {'max': 0.9, 'min': 0.1}, 'proposal': 0.03, 'ref': 0.3092002474326078}, 'SN': 1e-07, 'b1': {'latex': 'b1', 'prior': {'max': 10.0, 'min': -10.0}, 'proposal': 0.05, 'ref': 2.17}, 'logA': {'drop': True, 'latex': '\\log(10^{10} A_\\mathrm{s})', 'prior': {'max': 4.0, 'min': 1.0}, 'proposal': 0.01, 'ref': 3.05}, 'mnu': 0.0, 'nnu': 3.046, 'ns': 0.96824, 'num_massive_neutrinos': 0, 'ombh2': 0.02247, 'omch2': 'lambda ombh2,H0,tau,mnu,nnu,num_massive_neutrinos,ns,As,Omegam,b1: Omegam * (H0/100.)**2. - ombh2 - (mnu/93.14)', 'sigma8': {'derived': True, 'latex': '\\sigma_8'}, 'tau': 0.0925}
[model] *WARNING* Ignored blocks/options: ['sampler', 'output', 'resume']
[clkg_likelihood] Initialised external likelihood.
[camb] Importing *local* CAMB from /global/cfs/cdirs/m3058/krolewski/cosmo_modules/code/CAMB
[likelihood] The theory code will compute the following products, requested by the likelihoods: ['sigma8', 'Pk_interpolator']
[clkg_likelihood] *ERROR* ----------------

Traceback (most recent call last):
  File "/global/u2/a/akrolew/cobaya/cobaya/likelihood.py", line 129, in _logp_cached
    i_state = next(i for i in range(self.n_states)
StopIteration

During handling of the above exception, another exception occurred:

Traceback (most recent call last):
  File "/global/u2/a/akrolew/cobaya/cobaya/likelihood.py", line 250, in logp
    return self.external_function(**params_values)
  File "/global/cscratch1/sd/akrolew/xcorr_light/settings.py", line 633, in clkg_likelihood
    lim_cross, lim_auto = get_angular_power_spectra(halofit, _theory, s_wise, Omegam, b1, b2, bs, alpha_auto, alpha_cross, alpha_matter, SN, shift, width)
  File "/global/cscratch1/sd/akrolew/xcorr_light/settings.py", line 503, in get_angular_power_spectra
    _theory.get_param('num_massive_neutrinos'), shift, width, autoCMB)
  File "/global/homes/a/akrolew/miniconda3/lib/python3.7/site-packages/cachetools/__init__.py", line 46, in wrapper
    v = func(*args, **kwargs)
  File "/global/cscratch1/sd/akrolew/xcorr_light/settings.py", line 418, in wrap_limber
    halofit_pk = wrap_halofit(Pk_interpolator, halofit, As, H0, omch2, ombh2, mnu, nnu, ns, tau, num_massive_neutrinos)
  File "/global/homes/a/akrolew/miniconda3/lib/python3.7/site-packages/cachetools/__init__.py", line 46, in wrapper
    v = func(*args, **kwargs)
  File "/global/cscratch1/sd/akrolew/xcorr_light/settings.py", line 366, in wrap_halofit
    setup_chi_out = L2.setup_chi(cosmo, dndz_xcorr, dndz_xcorr, Nchi, Nchi_mag)
  File "/global/cscratch1/sd/akrolew/xcorr_light/limber2_halofit.py", line 95, in setup_chi
    zmin     = np.min(np.append(dndz1[:,0],dndz2[:,0]))
IndexError: too many indices for array

-------------------------------------
[clkg_likelihood] *ERROR* The external likelihood 'clkg_likelihood' failed at evaluation. See error info on top of this message.
3.9572370052337646
OrderedDict([('H0', 70.0), ('ombh2', 0.024499999999999997), ('tau', 0.05), ('mnu', 0.0), ('nnu', 3.046), ('num_massive_neutrinos', 0), ('ns', 0.965), ('SN', 1e-07), ('logA', OrderedDict([('prior', OrderedDict([('min', 1.0), ('max', 4.0)])), ('ref', 3.05), ('proposal', 0.1), ('latex', '\\log(10^{10} A_\\mathrm{s})'), ('drop', True)])), ('As', OrderedDict([('value', 'lambda logA: 1e-10*np.exp(logA)'), ('latex', 'A_\\mathrm{s}')])), ('Omegam', OrderedDict([('prior', OrderedDict([('min', 0.1), ('max', 0.9)])), ('ref', 0.3), ('proposal', 0.01), ('latex', '\\Omega_m'), ('drop', True)])), ('b1', OrderedDict([('prior', OrderedDict([('min', 0.0), ('max', 10.0)])), ('ref', 1.0), ('proposal', 0.1), ('latex', 'b1')])), ('omch2', 'lambda H0,ombh2,tau,mnu,nnu,num_massive_neutrinos,ns,SN,As,Omegam,b1: Omegam * (H0/100.)**2. - ombh2 - (mnu/93.14)'), ('sigma8', {'derived': True, 'latex': '\\sigma_8'})])
[model] *WARNING* Ignored blocks/options: ['sampler', 'output', 'resume']
[clkg_likelihood] Initialised external likelihood.
[camb] Importing *local* CAMB from /global/cfs/cdirs/m3058/krolewski/cosmo_modules/code/CAMB
[likelihood] The theory code will compute the following products, requested by the likelihoods: ['sigma8', 'Pk_interpolator']
[clkg_likelihood] *ERROR* ----------------

Traceback (most recent call last):
  File "/global/u2/a/akrolew/cobaya/cobaya/likelihood.py", line 129, in _logp_cached
    i_state = next(i for i in range(self.n_states)
StopIteration

During handling of the above exception, another exception occurred:

Traceback (most recent call last):
  File "/global/u2/a/akrolew/cobaya/cobaya/likelihood.py", line 250, in logp
    return self.external_function(**params_values)
  File "/global/cscratch1/sd/akrolew/xcorr_light/settings.py", line 633, in clkg_likelihood
    lim_cross, lim_auto = get_angular_power_spectra(halofit, _theory, s_wise, Omegam, b1, b2, bs, alpha_auto, alpha_cross, alpha_matter, SN, shift, width)
  File "/global/cscratch1/sd/akrolew/xcorr_light/settings.py", line 503, in get_angular_power_spectra
    _theory.get_param('num_massive_neutrinos'), shift, width, autoCMB)
  File "/global/homes/a/akrolew/miniconda3/lib/python3.7/site-packages/cachetools/__init__.py", line 46, in wrapper
    v = func(*args, **kwargs)
  File "/global/cscratch1/sd/akrolew/xcorr_light/settings.py", line 418, in wrap_limber
    halofit_pk = wrap_halofit(Pk_interpolator, halofit, As, H0, omch2, ombh2, mnu, nnu, ns, tau, num_massive_neutrinos)
  File "/global/homes/a/akrolew/miniconda3/lib/python3.7/site-packages/cachetools/__init__.py", line 46, in wrapper
    v = func(*args, **kwargs)
  File "/global/cscratch1/sd/akrolew/xcorr_light/settings.py", line 366, in wrap_halofit
    setup_chi_out = L2.setup_chi(cosmo, dndz_xcorr, dndz_xcorr, Nchi, Nchi_mag)
  File "/global/cscratch1/sd/akrolew/xcorr_light/limber2_halofit.py", line 95, in setup_chi
    zmin     = np.min(np.append(dndz1[:,0],dndz2[:,0]))
IndexError: too many indices for array

-------------------------------------
[clkg_likelihood] *ERROR* The external likelihood 'clkg_likelihood' failed at evaluation. See error info on top of this message.
0.8577601909637451
OrderedDict([('H0', 70.0), ('ombh2', 0.024499999999999997), ('tau', 0.05), ('mnu', 0.0), ('nnu', 3.046), ('num_massive_neutrinos', 0), ('ns', 0.965), ('SN', 1e-07), ('logA', OrderedDict([('prior', OrderedDict([('min', 1.0), ('max', 4.0)])), ('ref', 3.05), ('proposal', 0.1), ('latex', '\\log(10^{10} A_\\mathrm{s})'), ('drop', True)])), ('As', OrderedDict([('value', 'lambda logA: 1e-10*np.exp(logA)'), ('latex', 'A_\\mathrm{s}')])), ('Omegam', OrderedDict([('prior', OrderedDict([('min', 0.1), ('max', 0.9)])), ('ref', 0.3), ('proposal', 0.01), ('latex', '\\Omega_m'), ('drop', True)])), ('b1', OrderedDict([('prior', OrderedDict([('min', 0.0), ('max', 10.0)])), ('ref', 1.0), ('proposal', 0.1), ('latex', 'b1')]))])
[model] *WARNING* Ignored blocks/options: ['sampler', 'output', 'resume']
[parameterization] *ERROR* Parameters ['Omegam'] are sampled but not passed to the likelihood or theory code, neither ever used as arguments for any parameters. Check that you are not using the 'drop' tag unintentionally.
OrderedDict([('H0', 70.0), ('ombh2', 0.024499999999999997), ('tau', 0.05), ('mnu', 0.0), ('nnu', 3.046), ('num_massive_neutrinos', 0), ('ns', 0.965), ('SN', 1e-07), ('logA', OrderedDict([('prior', OrderedDict([('min', 1.0), ('max', 4.0)])), ('ref', 3.05), ('proposal', 0.1), ('latex', '\\log(10^{10} A_\\mathrm{s})'), ('drop', True)])), ('As', OrderedDict([('value', 'lambda logA: 1e-10*np.exp(logA)'), ('latex', 'A_\\mathrm{s}')])), ('Omegam', OrderedDict([('prior', OrderedDict([('min', 0.1), ('max', 0.9)])), ('ref', 0.3), ('proposal', 0.01), ('latex', '\\Omega_m'), ('drop', True)])), ('b1', OrderedDict([('prior', OrderedDict([('min', 0.0), ('max', 10.0)])), ('ref', 1.0), ('proposal', 0.1), ('latex', 'b1')])), ('omch2', 'lambda H0,ombh2,tau,mnu,nnu,num_massive_neutrinos,ns,SN,As,Omegam,b1: Omegam * (H0/100.)**2. - ombh2 - (mnu/93.14)'), ('sigma8', {'derived': True, 'latex': '\\sigma_8'})])
[model] *WARNING* Ignored blocks/options: ['sampler', 'output', 'resume']
[clkg_likelihood] Initialised external likelihood.
[camb] Importing *local* CAMB from /global/cfs/cdirs/m3058/krolewski/cosmo_modules/code/CAMB
[likelihood] The theory code will compute the following products, requested by the likelihoods: ['sigma8', 'Pk_interpolator']
[clkg_likelihood] *ERROR* ----------------

Traceback (most recent call last):
  File "/global/u2/a/akrolew/cobaya/cobaya/likelihood.py", line 129, in _logp_cached
    i_state = next(i for i in range(self.n_states)
StopIteration

During handling of the above exception, another exception occurred:

Traceback (most recent call last):
  File "/global/u2/a/akrolew/cobaya/cobaya/likelihood.py", line 250, in logp
    return self.external_function(**params_values)
  File "/global/cscratch1/sd/akrolew/xcorr_light/settings.py", line 633, in clkg_likelihood
    lim_cross, lim_auto = get_angular_power_spectra(halofit, _theory, s_wise, Omegam, b1, b2, bs, alpha_auto, alpha_cross, alpha_matter, SN, shift, width)
  File "/global/cscratch1/sd/akrolew/xcorr_light/settings.py", line 503, in get_angular_power_spectra
    _theory.get_param('num_massive_neutrinos'), shift, width, autoCMB)
  File "/global/homes/a/akrolew/miniconda3/lib/python3.7/site-packages/cachetools/__init__.py", line 46, in wrapper
    v = func(*args, **kwargs)
  File "/global/cscratch1/sd/akrolew/xcorr_light/settings.py", line 418, in wrap_limber
    halofit_pk = wrap_halofit(Pk_interpolator, halofit, As, H0, omch2, ombh2, mnu, nnu, ns, tau, num_massive_neutrinos)
  File "/global/homes/a/akrolew/miniconda3/lib/python3.7/site-packages/cachetools/__init__.py", line 46, in wrapper
    v = func(*args, **kwargs)
  File "/global/cscratch1/sd/akrolew/xcorr_light/settings.py", line 366, in wrap_halofit
    setup_chi_out = L2.setup_chi(cosmo, dndz_xcorr, dndz_xcorr, Nchi, Nchi_mag)
  File "/global/cscratch1/sd/akrolew/xcorr_light/limber2_halofit.py", line 95, in setup_chi
    zmin     = np.min(np.append(dndz1[:,0],dndz2[:,0]))
IndexError: too many indices for array

-------------------------------------
[clkg_likelihood] *ERROR* The external likelihood 'clkg_likelihood' failed at evaluation. See error info on top of this message.
1.058354377746582
OrderedDict([('H0', 70.0), ('ombh2', 0.024499999999999997), ('tau', 0.05), ('mnu', 0.0), ('nnu', 3.046), ('num_massive_neutrinos', 0), ('ns', 0.965), ('SN', 1e-07), ('logA', OrderedDict([('prior', OrderedDict([('min', 1.0), ('max', 4.0)])), ('ref', 3.05), ('proposal', 0.1), ('latex', '\\log(10^{10} A_\\mathrm{s})'), ('drop', True)])), ('As', OrderedDict([('value', 'lambda logA: 1e-10*np.exp(logA)'), ('latex', 'A_\\mathrm{s}')])), ('Omegam', OrderedDict([('prior', OrderedDict([('min', 0.1), ('max', 0.9)])), ('ref', 0.3), ('proposal', 0.01), ('latex', '\\Omega_m'), ('drop', True)])), ('b1', OrderedDict([('prior', OrderedDict([('min', 0.0), ('max', 10.0)])), ('ref', 1.0), ('proposal', 0.1), ('latex', 'b1')])), ('omch2', 'lambda H0,ombh2,tau,mnu,nnu,num_massive_neutrinos,ns,SN,As,Omegam,b1: Omegam * (H0/100.)**2. - ombh2 - (mnu/93.14)'), ('sigma8', {'derived': True, 'latex': '\\sigma_8'})])
[model] *WARNING* Ignored blocks/options: ['sampler', 'output', 'resume']
[clkg_likelihood] Initialised external likelihood.
[camb] Importing *local* CAMB from /global/cfs/cdirs/m3058/krolewski/cosmo_modules/code/CAMB
[likelihood] The theory code will compute the following products, requested by the likelihoods: ['sigma8', 'Pk_interpolator']
[clkg_likelihood] *ERROR* ----------------

Traceback (most recent call last):
  File "/global/u2/a/akrolew/cobaya/cobaya/likelihood.py", line 129, in _logp_cached
    i_state = next(i for i in range(self.n_states)
StopIteration

During handling of the above exception, another exception occurred:

Traceback (most recent call last):
  File "/global/u2/a/akrolew/cobaya/cobaya/likelihood.py", line 250, in logp
    return self.external_function(**params_values)
  File "/global/cscratch1/sd/akrolew/xcorr_light/settings.py", line 633, in clkg_likelihood
    lim_cross, lim_auto = get_angular_power_spectra(halofit, _theory, s_wise, Omegam, b1, b2, bs, alpha_auto, alpha_cross, alpha_matter, SN, shift, width)
  File "/global/cscratch1/sd/akrolew/xcorr_light/settings.py", line 503, in get_angular_power_spectra
    _theory.get_param('num_massive_neutrinos'), shift, width, autoCMB)
  File "/global/homes/a/akrolew/miniconda3/lib/python3.7/site-packages/cachetools/__init__.py", line 46, in wrapper
    v = func(*args, **kwargs)
  File "/global/cscratch1/sd/akrolew/xcorr_light/settings.py", line 418, in wrap_limber
    halofit_pk = wrap_halofit(Pk_interpolator, halofit, As, H0, omch2, ombh2, mnu, nnu, ns, tau, num_massive_neutrinos)
  File "/global/homes/a/akrolew/miniconda3/lib/python3.7/site-packages/cachetools/__init__.py", line 46, in wrapper
    v = func(*args, **kwargs)
  File "/global/cscratch1/sd/akrolew/xcorr_light/settings.py", line 366, in wrap_halofit
    setup_chi_out = L2.setup_chi(cosmo, dndz_xcorr, dndz_xcorr, Nchi, Nchi_mag)
  File "/global/cscratch1/sd/akrolew/xcorr_light/limber2_halofit.py", line 99, in setup_chi
    zval = np.loadtxt('zval.txt')
  File "/global/homes/a/akrolew/miniconda3/lib/python3.7/site-packages/numpy/lib/npyio.py", line 968, in loadtxt
    fh = np.lib._datasource.open(fname, 'rt', encoding=encoding)
  File "/global/homes/a/akrolew/miniconda3/lib/python3.7/site-packages/numpy/lib/_datasource.py", line 269, in open
    return ds.open(path, mode, encoding=encoding, newline=newline)
  File "/global/homes/a/akrolew/miniconda3/lib/python3.7/site-packages/numpy/lib/_datasource.py", line 623, in open
    raise IOError("%s not found." % path)
OSError: zval.txt not found.

-------------------------------------
[clkg_likelihood] *ERROR* The external likelihood 'clkg_likelihood' failed at evaluation. See error info on top of this message.
0.9932701587677002
OrderedDict([('H0', 70.0), ('ombh2', 0.024499999999999997), ('tau', 0.05), ('mnu', 0.0), ('nnu', 3.046), ('num_massive_neutrinos', 0), ('ns', 0.965), ('SN', 1e-07), ('logA', OrderedDict([('prior', OrderedDict([('min', 1.0), ('max', 4.0)])), ('ref', 3.05), ('proposal', 0.1), ('latex', '\\log(10^{10} A_\\mathrm{s})'), ('drop', True)])), ('As', OrderedDict([('value', 'lambda logA: 1e-10*np.exp(logA)'), ('latex', 'A_\\mathrm{s}')])), ('Omegam', OrderedDict([('prior', OrderedDict([('min', 0.1), ('max', 0.9)])), ('ref', 0.3), ('proposal', 0.01), ('latex', '\\Omega_m'), ('drop', True)])), ('b1', OrderedDict([('prior', OrderedDict([('min', 0.0), ('max', 10.0)])), ('ref', 1.0), ('proposal', 0.1), ('latex', 'b1')])), ('omch2', 'lambda H0,ombh2,tau,mnu,nnu,num_massive_neutrinos,ns,SN,As,Omegam,b1: Omegam * (H0/100.)**2. - ombh2 - (mnu/93.14)'), ('sigma8', {'derived': True, 'latex': '\\sigma_8'})])
[model] *WARNING* Ignored blocks/options: ['sampler', 'output', 'resume']
[clkg_likelihood] Initialised external likelihood.
[camb] Importing *local* CAMB from /global/cfs/cdirs/m3058/krolewski/cosmo_modules/code/CAMB
[likelihood] The theory code will compute the following products, requested by the likelihoods: ['sigma8', 'Pk_interpolator']
[clkg_likelihood] *ERROR* ----------------

Traceback (most recent call last):
  File "/global/u2/a/akrolew/cobaya/cobaya/likelihood.py", line 129, in _logp_cached
    i_state = next(i for i in range(self.n_states)
StopIteration

During handling of the above exception, another exception occurred:

Traceback (most recent call last):
  File "/global/u2/a/akrolew/cobaya/cobaya/likelihood.py", line 250, in logp
    return self.external_function(**params_values)
  File "/global/cscratch1/sd/akrolew/xcorr_light/settings.py", line 633, in clkg_likelihood
    lim_cross, lim_auto = get_angular_power_spectra(halofit, _theory, s_wise, Omegam, b1, b2, bs, alpha_auto, alpha_cross, alpha_matter, SN, shift, width)
  File "/global/cscratch1/sd/akrolew/xcorr_light/settings.py", line 503, in get_angular_power_spectra
    _theory.get_param('num_massive_neutrinos'), shift, width, autoCMB)
  File "/global/homes/a/akrolew/miniconda3/lib/python3.7/site-packages/cachetools/__init__.py", line 46, in wrapper
    v = func(*args, **kwargs)
  File "/global/cscratch1/sd/akrolew/xcorr_light/settings.py", line 444, in wrap_limber
    out = L2.do_limber(all_ell, cosmo, dndz_xcorr_modified, dndz_xcorr_modified, s_wise, s_wise, halofit_pk, b1_HF, b1_HF, alpha_auto, alpha_cross, Nchi=Nchi, autoCMB=autoCMB, use_zeff=False, dndz1_mag=dndz_xmatch, dndz2_mag=dndz_xmatch,setup_chi_flag=True,setup_chi_out=setup_chi_out)
  File "/global/cscratch1/sd/akrolew/xcorr_light/limber2_halofit.py", line 240, in do_limber
    f1f2_alpha_auto =-0.5 * alpha_auto(zv) * fchi1_xmatch[i]*fchi2_xmatch[i]/chi**2 * kval**2 * p_mm
  File "/global/cscratch1/sd/akrolew/xcorr_light/settings.py", line 442, in <lambda>
    alpha_auto = lambda z: np.interp(z, redshift_for_alpha, alpha_auto_for_alpha)
NameError: name 'redshift_for_alpha' is not defined

-------------------------------------
[clkg_likelihood] *ERROR* The external likelihood 'clkg_likelihood' failed at evaluation. See error info on top of this message.
0.9951028823852539
OrderedDict([('H0', 70.0), ('ombh2', 0.024499999999999997), ('tau', 0.05), ('mnu', 0.0), ('nnu', 3.046), ('num_massive_neutrinos', 0), ('ns', 0.965), ('SN', 1e-07), ('logA', OrderedDict([('prior', OrderedDict([('min', 1.0), ('max', 4.0)])), ('ref', 3.05), ('proposal', 0.1), ('latex', '\\log(10^{10} A_\\mathrm{s})'), ('drop', True)])), ('As', OrderedDict([('value', 'lambda logA: 1e-10*np.exp(logA)'), ('latex', 'A_\\mathrm{s}')])), ('Omegam', OrderedDict([('prior', OrderedDict([('min', 0.1), ('max', 0.9)])), ('ref', 0.3), ('proposal', 0.01), ('latex', '\\Omega_m'), ('drop', True)])), ('b1', OrderedDict([('prior', OrderedDict([('min', 0.0), ('max', 10.0)])), ('ref', 1.0), ('proposal', 0.1), ('latex', 'b1')])), ('omch2', 'lambda H0,ombh2,tau,mnu,nnu,num_massive_neutrinos,ns,SN,As,Omegam,b1: Omegam * (H0/100.)**2. - ombh2 - (mnu/93.14)'), ('sigma8', {'derived': True, 'latex': '\\sigma_8'})])
[model] *WARNING* Ignored blocks/options: ['sampler', 'output', 'resume']
[clkg_likelihood] Initialised external likelihood.
[camb] Importing *local* CAMB from /global/cfs/cdirs/m3058/krolewski/cosmo_modules/code/CAMB
[likelihood] The theory code will compute the following products, requested by the likelihoods: ['sigma8', 'Pk_interpolator']
chisq 2.111534442254061e-09 0.3 1.0 0.0 0.4 0.0 1e-07 0.0 1.0 61606.764658846194 2650.208995555659 60762.6039098857
1.3186845779418945
OrderedDict([('H0', 70.0), ('ombh2', 0.024499999999999997), ('tau', 0.05), ('mnu', 0.0), ('nnu', 3.046), ('num_massive_neutrinos', 0), ('ns', 0.965), ('SN', 1e-07), ('logA', OrderedDict([('prior', OrderedDict([('min', 1.0), ('max', 4.0)])), ('ref', 3.05), ('proposal', 0.1), ('latex', '\\log(10^{10} A_\\mathrm{s})'), ('drop', True)])), ('As', OrderedDict([('value', 'lambda logA: 1e-10*np.exp(logA)'), ('latex', 'A_\\mathrm{s}')])), ('Omegam', OrderedDict([('prior', OrderedDict([('min', 0.1), ('max', 0.9)])), ('ref', 0.3), ('proposal', 0.01), ('latex', '\\Omega_m'), ('drop', True)])), ('b1', OrderedDict([('prior', OrderedDict([('min', 0.0), ('max', 10.0)])), ('ref', 1.0), ('proposal', 0.1), ('latex', 'b1')])), ('omch2', 'lambda H0,ombh2,tau,mnu,nnu,num_massive_neutrinos,ns,SN,As,Omegam,b1: Omegam * (H0/100.)**2. - ombh2 - (mnu/93.14)'), ('sigma8', {'derived': True, 'latex': '\\sigma_8'})])
[model] *WARNING* Ignored blocks/options: ['sampler', 'output', 'resume']
[clkg_likelihood] Initialised external likelihood.
[camb] Importing *local* CAMB from /global/cfs/cdirs/m3058/krolewski/cosmo_modules/code/CAMB
[likelihood] The theory code will compute the following products, requested by the likelihoods: ['sigma8', 'Pk_interpolator']
chisq 2.111534442254061e-09 0.3 1.0 0.0 0.4 0.0 1e-07 0.0 1.0 61606.764658846194 2650.208995555659 60762.6039098857
1.4899277687072754
OrderedDict([('H0', 70.0), ('ombh2', 0.024499999999999997), ('tau', 0.05), ('mnu', 0.0), ('nnu', 3.046), ('num_massive_neutrinos', 0), ('ns', 0.965), ('SN', 1e-07), ('logA', OrderedDict([('prior', OrderedDict([('min', 1.0), ('max', 4.0)])), ('ref', 3.05), ('proposal', 0.1), ('latex', '\\log(10^{10} A_\\mathrm{s})'), ('drop', True)])), ('As', OrderedDict([('value', 'lambda logA: 1e-10*np.exp(logA)'), ('latex', 'A_\\mathrm{s}')])), ('Omegam', OrderedDict([('prior', OrderedDict([('min', 0.1), ('max', 0.9)])), ('ref', 0.3), ('proposal', 0.01), ('latex', '\\Omega_m'), ('drop', True)])), ('b1', OrderedDict([('prior', OrderedDict([('min', 0.0), ('max', 10.0)])), ('ref', 1.0), ('proposal', 0.1), ('latex', 'b1')])), ('omch2', 'lambda H0,ombh2,tau,mnu,nnu,num_massive_neutrinos,ns,SN,As,Omegam,b1: Omegam * (H0/100.)**2. - ombh2 - (mnu/93.14)'), ('sigma8', {'derived': True, 'latex': '\\sigma_8'})])
[model] *WARNING* Ignored blocks/options: ['sampler', 'output', 'resume']
[clkg_likelihood] Initialised external likelihood.
[camb] Importing *local* CAMB from /global/cfs/cdirs/m3058/krolewski/cosmo_modules/code/CAMB
[likelihood] The theory code will compute the following products, requested by the likelihoods: ['sigma8', 'Pk_interpolator']
chisq 2.111534442254061e-09 0.3 1.0 0.0 0.4 0.0 1e-07 0.0 1.0 61606.764658846194 2650.208995555659 60762.6039098857
1.1069836616516113
OrderedDict([('H0', 70.0), ('ombh2', 0.024499999999999997), ('tau', 0.05), ('mnu', 0.0), ('nnu', 3.046), ('num_massive_neutrinos', 0), ('ns', 0.965), ('SN', 1e-07), ('logA', OrderedDict([('prior', OrderedDict([('min', 1.0), ('max', 4.0)])), ('ref', 3.05), ('proposal', 0.1), ('latex', '\\log(10^{10} A_\\mathrm{s})'), ('drop', True)])), ('As', OrderedDict([('value', 'lambda logA: 1e-10*np.exp(logA)'), ('latex', 'A_\\mathrm{s}')])), ('Omegam', OrderedDict([('prior', OrderedDict([('min', 0.1), ('max', 0.9)])), ('ref', 0.3), ('proposal', 0.01), ('latex', '\\Omega_m'), ('drop', True)])), ('b1', OrderedDict([('prior', OrderedDict([('min', 0.0), ('max', 10.0)])), ('ref', 1.0), ('proposal', 0.1), ('latex', 'b1')])), ('omch2', 'lambda H0,ombh2,tau,mnu,nnu,num_massive_neutrinos,ns,SN,As,Omegam,b1: Omegam * (H0/100.)**2. - ombh2 - (mnu/93.14)'), ('sigma8', {'derived': True, 'latex': '\\sigma_8'})])
[model] *WARNING* Ignored blocks/options: ['sampler', 'output', 'resume']
[clkg_likelihood] Initialised external likelihood.
[camb] Importing *local* CAMB from /global/cfs/cdirs/m3058/krolewski/cosmo_modules/code/CAMB
[likelihood] The theory code will compute the following products, requested by the likelihoods: ['sigma8', 'Pk_interpolator']
chisq 2.111534442254061e-09 0.3 1.0 0.0 0.4 0.0 1e-07 0.0 1.0 63118.41467630857 2640.158837055029 62363.34991482808
1.2201941013336182
[exception handler] ---------------------------------------

Traceback (most recent call last):
  File "/global/homes/a/akrolew/miniconda3/lib/python3.7/site-packages/numpy/lib/npyio.py", line 1434, in savetxt
    v = format % tuple(row) + newline
TypeError: only size-1 arrays can be converted to Python scalars

During handling of the above exception, another exception occurred:

Traceback (most recent call last):
  File "make_test_cls.py", line 102, in <module>
    np.savetxt('input/clgg.txt',np.array([cl_input[0,:],lim_bin_auto,0.1*lim_bin_auto]))
  File "<__array_function__ internals>", line 6, in savetxt
  File "/global/homes/a/akrolew/miniconda3/lib/python3.7/site-packages/numpy/lib/npyio.py", line 1438, in savetxt
    % (str(X.dtype), format))
TypeError: Mismatch between array dtype ('object') and format specifier ('%.18e')
-------------------------------------------------------------

[exception handler] Some unexpected ERROR occurred. You can see the exception information above.
We recommend trying to reproduce this error with 'debug:True' in the input.
If you cannot solve it yourself and need to report it, include the debug output,
which you can send it to a file setting 'debug_file:[some_file_name]'.
OrderedDict([('H0', 70.0), ('ombh2', 0.024499999999999997), ('tau', 0.05), ('mnu', 0.0), ('nnu', 3.046), ('num_massive_neutrinos', 0), ('ns', 0.965), ('SN', 1e-07), ('logA', OrderedDict([('prior', OrderedDict([('min', 1.0), ('max', 4.0)])), ('ref', 3.05), ('proposal', 0.1), ('latex', '\\log(10^{10} A_\\mathrm{s})'), ('drop', True)])), ('As', OrderedDict([('value', 'lambda logA: 1e-10*np.exp(logA)'), ('latex', 'A_\\mathrm{s}')])), ('Omegam', OrderedDict([('prior', OrderedDict([('min', 0.1), ('max', 0.9)])), ('ref', 0.3), ('proposal', 0.01), ('latex', '\\Omega_m'), ('drop', True)])), ('b1', OrderedDict([('prior', OrderedDict([('min', 0.0), ('max', 10.0)])), ('ref', 1.0), ('proposal', 0.1), ('latex', 'b1')])), ('omch2', 'lambda H0,ombh2,tau,mnu,nnu,num_massive_neutrinos,ns,SN,As,Omegam,b1: Omegam * (H0/100.)**2. - ombh2 - (mnu/93.14)'), ('sigma8', {'derived': True, 'latex': '\\sigma_8'})])
[model] *WARNING* Ignored blocks/options: ['sampler', 'output', 'resume']
[clkg_likelihood] Initialised external likelihood.
[camb] Importing *local* CAMB from /global/cfs/cdirs/m3058/krolewski/cosmo_modules/code/CAMB
[likelihood] The theory code will compute the following products, requested by the likelihoods: ['sigma8', 'Pk_interpolator']
chisq 2.111534442254061e-09 0.3 1.0 0.0 0.4 0.0 1e-07 0.0 1.0 63118.41467630857 2640.158837055029 62363.34991482808
1.2172324657440186
shape input (12,)
shape auto (10,)
[exception handler] ---------------------------------------

Traceback (most recent call last):
  File "/global/homes/a/akrolew/miniconda3/lib/python3.7/site-packages/numpy/lib/npyio.py", line 1434, in savetxt
    v = format % tuple(row) + newline
TypeError: only size-1 arrays can be converted to Python scalars

During handling of the above exception, another exception occurred:

Traceback (most recent call last):
  File "make_test_cls.py", line 104, in <module>
    np.savetxt('input/clgg.txt',np.array([cl_input[0,:],lim_bin_auto,0.1*lim_bin_auto]))
  File "<__array_function__ internals>", line 6, in savetxt
  File "/global/homes/a/akrolew/miniconda3/lib/python3.7/site-packages/numpy/lib/npyio.py", line 1438, in savetxt
    % (str(X.dtype), format))
TypeError: Mismatch between array dtype ('object') and format specifier ('%.18e')
-------------------------------------------------------------

[exception handler] Some unexpected ERROR occurred. You can see the exception information above.
We recommend trying to reproduce this error with 'debug:True' in the input.
If you cannot solve it yourself and need to report it, include the debug output,
which you can send it to a file setting 'debug_file:[some_file_name]'.
OrderedDict([('H0', 70.0), ('ombh2', 0.024499999999999997), ('tau', 0.05), ('mnu', 0.0), ('nnu', 3.046), ('num_massive_neutrinos', 0), ('ns', 0.965), ('SN', 1e-07), ('logA', OrderedDict([('prior', OrderedDict([('min', 1.0), ('max', 4.0)])), ('ref', 3.05), ('proposal', 0.1), ('latex', '\\log(10^{10} A_\\mathrm{s})'), ('drop', True)])), ('As', OrderedDict([('value', 'lambda logA: 1e-10*np.exp(logA)'), ('latex', 'A_\\mathrm{s}')])), ('Omegam', OrderedDict([('prior', OrderedDict([('min', 0.1), ('max', 0.9)])), ('ref', 0.3), ('proposal', 0.01), ('latex', '\\Omega_m'), ('drop', True)])), ('b1', OrderedDict([('prior', OrderedDict([('min', 0.0), ('max', 10.0)])), ('ref', 1.0), ('proposal', 0.1), ('latex', 'b1')])), ('omch2', 'lambda H0,ombh2,tau,mnu,nnu,num_massive_neutrinos,ns,SN,As,Omegam,b1: Omegam * (H0/100.)**2. - ombh2 - (mnu/93.14)'), ('sigma8', {'derived': True, 'latex': '\\sigma_8'})])
[model] *WARNING* Ignored blocks/options: ['sampler', 'output', 'resume']
[clkg_likelihood] Initialised external likelihood.
[camb] Importing *local* CAMB from /global/cfs/cdirs/m3058/krolewski/cosmo_modules/code/CAMB
[likelihood] The theory code will compute the following products, requested by the likelihoods: ['sigma8', 'Pk_interpolator']
chisq 2.111534442254061e-09 0.3 1.0 0.0 0.4 0.0 1e-07 0.0 1.0 63118.41467630857 2640.158837055029 62363.34991482808
1.0448787212371826
[exception handler] ---------------------------------------

Traceback (most recent call last):
  File "make_test_cls.py", line 101, in <module>
    np.savetxt('input/clgg.txt',np.array([cl_input[0,low_ind_gg:high_ind_gg],lim_bin_auto,0.1*lim_bin_auto]))
NameError: name 'high_ind_gg' is not defined
-------------------------------------------------------------

[exception handler] Some unexpected ERROR occurred. You can see the exception information above.
We recommend trying to reproduce this error with 'debug:True' in the input.
If you cannot solve it yourself and need to report it, include the debug output,
which you can send it to a file setting 'debug_file:[some_file_name]'.
OrderedDict([('H0', 70.0), ('ombh2', 0.024499999999999997), ('tau', 0.05), ('mnu', 0.0), ('nnu', 3.046), ('num_massive_neutrinos', 0), ('ns', 0.965), ('SN', 1e-07), ('logA', OrderedDict([('prior', OrderedDict([('min', 1.0), ('max', 4.0)])), ('ref', 3.05), ('proposal', 0.1), ('latex', '\\log(10^{10} A_\\mathrm{s})'), ('drop', True)])), ('As', OrderedDict([('value', 'lambda logA: 1e-10*np.exp(logA)'), ('latex', 'A_\\mathrm{s}')])), ('Omegam', OrderedDict([('prior', OrderedDict([('min', 0.1), ('max', 0.9)])), ('ref', 0.3), ('proposal', 0.01), ('latex', '\\Omega_m'), ('drop', True)])), ('b1', OrderedDict([('prior', OrderedDict([('min', 0.0), ('max', 10.0)])), ('ref', 1.0), ('proposal', 0.1), ('latex', 'b1')])), ('omch2', 'lambda H0,ombh2,tau,mnu,nnu,num_massive_neutrinos,ns,SN,As,Omegam,b1: Omegam * (H0/100.)**2. - ombh2 - (mnu/93.14)'), ('sigma8', {'derived': True, 'latex': '\\sigma_8'})])
[model] *WARNING* Ignored blocks/options: ['sampler', 'output', 'resume']
[clkg_likelihood] Initialised external likelihood.
[camb] Importing *local* CAMB from /global/cfs/cdirs/m3058/krolewski/cosmo_modules/code/CAMB
[likelihood] The theory code will compute the following products, requested by the likelihoods: ['sigma8', 'Pk_interpolator']
chisq 2.111534442254061e-09 0.3 1.0 0.0 0.4 0.0 1e-07 0.0 1.0 63118.41467630857 2640.158837055029 62363.34991482808
1.1307125091552734
OrderedDict([('H0', 70.0), ('ombh2', 0.024499999999999997), ('tau', 0.05), ('mnu', 0.0), ('nnu', 3.046), ('num_massive_neutrinos', 0), ('ns', 0.965), ('SN', 1e-07), ('logA', OrderedDict([('prior', OrderedDict([('min', 1.0), ('max', 4.0)])), ('ref', 3.05), ('proposal', 0.1), ('latex', '\\log(10^{10} A_\\mathrm{s})'), ('drop', True)])), ('As', OrderedDict([('value', 'lambda logA: 1e-10*np.exp(logA)'), ('latex', 'A_\\mathrm{s}')])), ('Omegam', OrderedDict([('prior', OrderedDict([('min', 0.1), ('max', 0.9)])), ('ref', 0.3), ('proposal', 0.01), ('latex', '\\Omega_m'), ('drop', True)])), ('b1', OrderedDict([('prior', OrderedDict([('min', 0.0), ('max', 10.0)])), ('ref', 1.0), ('proposal', 0.1), ('latex', 'b1')])), ('omch2', 'lambda H0,ombh2,tau,mnu,nnu,num_massive_neutrinos,ns,SN,As,Omegam,b1: Omegam * (H0/100.)**2. - ombh2 - (mnu/93.14)'), ('sigma8', {'derived': True, 'latex': '\\sigma_8'})])
[model] *WARNING* Ignored blocks/options: ['sampler', 'output', 'resume']
[clkg_likelihood] Initialised external likelihood.
[camb] Importing *local* CAMB from /global/cfs/cdirs/m3058/krolewski/cosmo_modules/code/CAMB
[likelihood] The theory code will compute the following products, requested by the likelihoods: ['sigma8', 'Pk_interpolator']
chisq 2.111534442254061e-09 0.3 1.0 0.0 0.4 0.0 1e-07 0.0 1.0 63118.41467630857 2640.158837055029 62363.34991482808
1.0658886432647705
OrderedDict([('H0', 70.0), ('ombh2', 0.024499999999999997), ('tau', 0.05), ('mnu', 0.0), ('nnu', 3.046), ('num_massive_neutrinos', 0), ('ns', 0.965), ('SN', 1e-07), ('logA', OrderedDict([('prior', OrderedDict([('min', 1.0), ('max', 4.0)])), ('ref', 3.05), ('proposal', 0.1), ('latex', '\\log(10^{10} A_\\mathrm{s})'), ('drop', True)])), ('As', OrderedDict([('value', 'lambda logA: 1e-10*np.exp(logA)'), ('latex', 'A_\\mathrm{s}')])), ('Omegam', OrderedDict([('prior', OrderedDict([('min', 0.1), ('max', 0.9)])), ('ref', 0.3), ('proposal', 0.01), ('latex', '\\Omega_m'), ('drop', True)])), ('b1', OrderedDict([('prior', OrderedDict([('min', 0.0), ('max', 10.0)])), ('ref', 1.0), ('proposal', 0.1), ('latex', 'b1')])), ('omch2', 'lambda H0,ombh2,tau,mnu,nnu,num_massive_neutrinos,ns,SN,As,Omegam,b1: Omegam * (H0/100.)**2. - ombh2 - (mnu/93.14)'), ('sigma8', {'derived': True, 'latex': '\\sigma_8'})])
[model] *WARNING* Ignored blocks/options: ['sampler', 'output', 'resume']
[clkg_likelihood] Initialised external likelihood.
[camb] Importing *local* CAMB from /global/cfs/cdirs/m3058/krolewski/cosmo_modules/code/CAMB
[likelihood] The theory code will compute the following products, requested by the likelihoods: ['sigma8', 'Pk_interpolator']
chisq 2.111534442254061e-09 0.3 1.0 0.0 0.4 0.0 1e-07 0.0 1.0 2171.2907975446105 1194.8885185485854 999.9999999347004
1.2433784008026123

OrderedDict([('H0', 70.0), ('ombh2', 0.024499999999999997), ('tau', 0.05), ('mnu', 0.0), ('nnu', 3.046), ('num_massive_neutrinos', 0), ('ns', 0.965), ('SN', 1e-07), ('logA', OrderedDict([('prior', OrderedDict([('min', 1.0), ('max', 4.0)])), ('ref', 3.05), ('proposal', 0.1), ('latex', '\\log(10^{10} A_\\mathrm{s})'), ('drop', True)])), ('As', OrderedDict([('value', 'lambda logA: 1e-10*np.exp(logA)'), ('latex', 'A_\\mathrm{s}')])), ('Omegam', OrderedDict([('prior', OrderedDict([('min', 0.1), ('max', 0.9)])), ('ref', 0.3), ('proposal', 0.01), ('latex', '\\Omega_m'), ('drop', True)])), ('b1', OrderedDict([('prior', OrderedDict([('min', 0.0), ('max', 10.0)])), ('ref', 1.0), ('proposal', 0.1), ('latex', 'b1')])), ('omch2', 'lambda H0,ombh2,tau,mnu,nnu,num_massive_neutrinos,ns,SN,As,Omegam,b1: Omegam * (H0/100.)**2. - ombh2 - (mnu/93.14)'), ('sigma8', {'derived': True, 'latex': '\\sigma_8'})])
[model] *WARNING* Ignored blocks/options: ['sampler', 'output', 'resume']
[clkg_likelihood] Initialised external likelihood.
[camb] Importing *local* CAMB from /global/cfs/cdirs/m3058/krolewski/cosmo_modules/code/CAMB
[likelihood] The theory code will compute the following products, requested by the likelihoods: ['sigma8', 'Pk_interpolator']
bp_auto [4044.35566204 4044.35566199 4044.35566196 4044.35566195 4044.35566193
 4044.35566192 4044.35566192 4044.35566191 4044.35566191 4044.35566191]
lim_bin_auto [1.76056958e-07 1.55620857e-07 1.43459079e-07 1.34707008e-07
 1.27773173e-07 1.22483243e-07 1.18667788e-07 1.15908021e-07
 1.13774602e-07 1.12019615e-07]
chisq 2.111534442254061e-09 0.3 1.0 0.0 0.4 0.0 1e-07 0.0 1.0 2171.2907975446105 1194.8885185485854 999.9999999347004
1.1861026287078857

OrderedDict([('H0', 70.0), ('ombh2', 0.024499999999999997), ('tau', 0.05), ('mnu', 0.0), ('nnu', 3.046), ('num_massive_neutrinos', 0), ('ns', 0.965), ('SN', 1e-07), ('logA', OrderedDict([('prior', OrderedDict([('min', 1.0), ('max', 4.0)])), ('ref', 3.05), ('proposal', 0.1), ('latex', '\\log(10^{10} A_\\mathrm{s})'), ('drop', True)])), ('As', OrderedDict([('value', 'lambda logA: 1e-10*np.exp(logA)'), ('latex', 'A_\\mathrm{s}')])), ('Omegam', OrderedDict([('prior', OrderedDict([('min', 0.1), ('max', 0.9)])), ('ref', 0.3), ('proposal', 0.01), ('latex', '\\Omega_m'), ('drop', True)])), ('b1', OrderedDict([('prior', OrderedDict([('min', 0.0), ('max', 10.0)])), ('ref', 1.0), ('proposal', 0.1), ('latex', 'b1')])), ('omch2', 'lambda H0,ombh2,tau,mnu,nnu,num_massive_neutrinos,ns,SN,As,Omegam,b1: Omegam * (H0/100.)**2. - ombh2 - (mnu/93.14)'), ('sigma8', {'derived': True, 'latex': '\\sigma_8'})])
[model] *WARNING* Ignored blocks/options: ['sampler', 'output', 'resume']
[clkg_likelihood] Initialised external likelihood.
[camb] Importing *local* CAMB from /global/cfs/cdirs/m3058/krolewski/cosmo_modules/code/CAMB
[likelihood] The theory code will compute the following products, requested by the likelihoods: ['sigma8', 'Pk_interpolator']
bp_auto [4044.35566204 4044.35566199 4044.35566196 4044.35566195 4044.35566193
 4044.35566192 4044.35566192 4044.35566191 4044.35566191 4044.35566191]
lim_bin_auto [1.76056958e-07 1.55620857e-07 1.43459079e-07 1.34707008e-07
 1.27773173e-07 1.22483243e-07 1.18667788e-07 1.15908021e-07
 1.13774602e-07 1.12019615e-07]
chisq 2.111534442254061e-09 0.3 1.0 0.0 0.4 0.0 1e-07 0.0 1.0 2171.2907975446105 1194.8885185485854 999.9999999347004
1.1421306133270264
OrderedDict([('H0', 70.0), ('ombh2', 0.024499999999999997), ('tau', 0.05), ('mnu', 0.0), ('nnu', 3.046), ('num_massive_neutrinos', 0), ('ns', 0.965), ('SN', 1e-07), ('logA', OrderedDict([('prior', OrderedDict([('min', 1.0), ('max', 4.0)])), ('ref', 3.05), ('proposal', 0.1), ('latex', '\\log(10^{10} A_\\mathrm{s})'), ('drop', True)])), ('As', OrderedDict([('value', 'lambda logA: 1e-10*np.exp(logA)'), ('latex', 'A_\\mathrm{s}')])), ('Omegam', OrderedDict([('prior', OrderedDict([('min', 0.1), ('max', 0.9)])), ('ref', 0.3), ('proposal', 0.01), ('latex', '\\Omega_m'), ('drop', True)])), ('b1', OrderedDict([('prior', OrderedDict([('min', 0.0), ('max', 10.0)])), ('ref', 1.0), ('proposal', 0.1), ('latex', 'b1')])), ('omch2', 'lambda H0,ombh2,tau,mnu,nnu,num_massive_neutrinos,ns,SN,As,Omegam,b1: Omegam * (H0/100.)**2. - ombh2 - (mnu/93.14)'), ('sigma8', {'derived': True, 'latex': '\\sigma_8'})])
[model] *WARNING* Ignored blocks/options: ['sampler', 'output', 'resume']
[clkg_likelihood] Initialised external likelihood.
[camb] Importing *local* CAMB from /global/cfs/cdirs/m3058/krolewski/cosmo_modules/code/CAMB
[likelihood] The theory code will compute the following products, requested by the likelihoods: ['sigma8', 'Pk_interpolator']
bp_auto [4044.35566204 4044.35566199 4044.35566196 4044.35566195 4044.35566193
 4044.35566192 4044.35566192 4044.35566191 4044.35566191 4044.35566191]
lim_bin_auto [1.76056958e-07 1.55620857e-07 1.43459079e-07 1.34707008e-07
 1.27773173e-07 1.22483243e-07 1.18667788e-07 1.15908021e-07
 1.13774602e-07 1.12019615e-07]
chisq 2.111534442254061e-09 0.3 1.0 0.0 0.4 0.0 1e-07 0.0 1.0 2171.2907975446105 1194.8885185485854 999.9999999347004
1.2025291919708252

OrderedDict([('H0', 70.0), ('ombh2', 0.024499999999999997), ('tau', 0.05), ('mnu', 0.0), ('nnu', 3.046), ('num_massive_neutrinos', 0), ('ns', 0.965), ('SN', 1e-07), ('logA', OrderedDict([('prior', OrderedDict([('min', 1.0), ('max', 4.0)])), ('ref', 3.05), ('proposal', 0.1), ('latex', '\\log(10^{10} A_\\mathrm{s})'), ('drop', True)])), ('As', OrderedDict([('value', 'lambda logA: 1e-10*np.exp(logA)'), ('latex', 'A_\\mathrm{s}')])), ('Omegam', OrderedDict([('prior', OrderedDict([('min', 0.1), ('max', 0.9)])), ('ref', 0.3), ('proposal', 0.01), ('latex', '\\Omega_m'), ('drop', True)])), ('b1', OrderedDict([('prior', OrderedDict([('min', 0.0), ('max', 10.0)])), ('ref', 1.0), ('proposal', 0.1), ('latex', 'b1')])), ('omch2', 'lambda H0,ombh2,tau,mnu,nnu,num_massive_neutrinos,ns,SN,As,Omegam,b1: Omegam * (H0/100.)**2. - ombh2 - (mnu/93.14)'), ('sigma8', {'derived': True, 'latex': '\\sigma_8'})])
[model] *WARNING* Ignored blocks/options: ['sampler', 'output', 'resume']
[clkg_likelihood] Initialised external likelihood.
[camb] Importing *local* CAMB from /global/cfs/cdirs/m3058/krolewski/cosmo_modules/code/CAMB
[likelihood] The theory code will compute the following products, requested by the likelihoods: ['sigma8', 'Pk_interpolator']
bp_auto [4044.35566204 4044.35566199 4044.35566196 4044.35566195 4044.35566193
 4044.35566192 4044.35566192 4044.35566191 4044.35566191 4044.35566191]
lim_bin_auto [1.76056958e-07 1.55620857e-07 1.43459079e-07 1.34707008e-07
 1.27773173e-07 1.22483243e-07 1.18667788e-07 1.15908021e-07
 1.13774602e-07 1.12019615e-07]
chisq 2.111534442254061e-09 0.3 1.0 0.0 0.4 0.0 1e-07 0.0 1.0 2171.2907975446105 1194.8885185485854 999.9999999347004
0.9748959541320801
lim_bin_auto [4044.35566237 4044.35566206 4044.35566194 4044.35566189 4044.35566186
 4044.35566185 4044.35566183 4044.35566182 4044.35566182 4044.35566181
 4044.35566181 4044.35566181]
SN 1e-07
